<?xml version="1.0" encoding="UTF-8"?>
<!DOCTYPE html PUBLIC "-//W3C//DTD XHTML 1.0 Strict//EN" "http://www.w3.org/TR/xhtml1/DTD/xhtml1-strict.dtd">
<html xmlns="http://www.w3.org/1999/xhtml">
<head>
    <title>Well-X Test Report</title>
    <meta name="generator" content="HTMLTestRunner !.?.$"/>
    <meta http-equiv="Content-Type" content="text/html; charset=UTF-8"/>
    
<style type="text/css" media="screen">
body        { font-family: verdana, arial, helvetica, sans-serif; font-size: 80%; }
table       { font-size: 100%; }
pre         { }

/* -- heading ---------------------------------------------------------------------- */
h1 {
	font-size: 16pt;
	color: gray;
}
.heading {
    margin-top: 0ex;
    margin-bottom: 1ex;
}

.heading .attribute {
    margin-top: 1ex;
    margin-bottom: 0;
}

.heading .description {
    margin-top: 4ex;
    margin-bottom: 6ex;
}

/* -- css div popup ------------------------------------------------------------------------ */
a.popup_link {
}

a.popup_link:hover {
    color: red;
}

.popup_window {
    display: none;
    position: relative;
    left: 0px;
    top: 0px;
    /*border: solid #627173 1px; */
    padding: 10px;
    background-color: #E6E6D6;
    font-family: "Lucida Console", "Courier New", Courier, monospace;
    text-align: left;
    font-size: 8pt;
    width: 500px;
}

}
/* -- report ------------------------------------------------------------------------ */
#show_detail_line {
    margin-top: 3ex;
    margin-bottom: 1ex;
}
#result_table {
    width: 80%;
    border-collapse: collapse;
    border: 1px solid #777;
}
#header_row {
    font-weight: bold;
    color: white;
    background-color: #777;
}
#result_table td {
    border: 1px solid #777;
    padding: 2px;
}
#total_row  { font-weight: bold; }
.passClass  { background-color: #6c6; }
.failClass  { background-color: #c60; }
.errorClass { background-color: #c00; }
.passCase   { color: #6c6; }
.failCase   { color: #c60; font-weight: bold; }
.errorCase  { color: #c00; font-weight: bold; }
.hiddenRow  { display: none; }
.testcase   { margin-left: 2em; }


/* -- ending ---------------------------------------------------------------------- */
#ending {
}

</style>

</head>
<body>
<script language="javascript" type="text/javascript"><!--
output_list = Array();

/* level - 0:Summary; 1:Failed; 2:All */
function showCase(level) {
    trs = document.getElementsByTagName("tr");
    for (var i = 0; i < trs.length; i++) {
        tr = trs[i];
        id = tr.id;
        if (id.substr(0,2) == 'ft') {
            if (level < 1) {
                tr.className = 'hiddenRow';
            }
            else {
                tr.className = '';
            }
        }
        if (id.substr(0,2) == 'pt') {
            if (level > 1) {
                tr.className = '';
            }
            else {
                tr.className = 'hiddenRow';
            }
        }
    }
}


function showClassDetail(cid, count) {
    var id_list = Array(count);
    var toHide = 1;
    for (var i = 0; i < count; i++) {
        tid0 = 't' + cid.substr(1) + '.' + (i+1);
        tid = 'f' + tid0;
        tr = document.getElementById(tid);
        if (!tr) {
            tid = 'p' + tid0;
            tr = document.getElementById(tid);
        }
        id_list[i] = tid;
        if (tr.className) {
            toHide = 0;
        }
    }
    for (var i = 0; i < count; i++) {
        tid = id_list[i];
        if (toHide) {
            document.getElementById('div_'+tid).style.display = 'none'
            document.getElementById(tid).className = 'hiddenRow';
        }
        else {
            document.getElementById(tid).className = '';
        }
    }
}


function showTestDetail(div_id){
    var details_div = document.getElementById(div_id)
    var displayState = details_div.style.display
    // alert(displayState)
    if (displayState != 'block' ) {
        displayState = 'block'
        details_div.style.display = 'block'
    }
    else {
        details_div.style.display = 'none'
    }
}


function html_escape(s) {
    s = s.replace(/&/g,'&amp;');
    s = s.replace(/</g,'&lt;');
    s = s.replace(/>/g,'&gt;');
    return s;
}

/* obsoleted by detail in <div>
function showOutput(id, name) {
    var w = window.open("", //url
                    name,
                    "resizable,scrollbars,status,width=800,height=450");
    d = w.document;
    d.write("<pre>");
    d.write(html_escape(output_list[id]));
    d.write("\n");
    d.write("<a href='javascript:window.close()'>close</a>\n");
    d.write("</pre>\n");
    d.close();
}
*/
--></script>

<div class='heading'>
<h1>Well-X Test Report</h1>
<p class='attribute'><strong>Start Time:</strong> 2018-10-09 18:34:20</p>
<p class='attribute'><strong>Duration:</strong> 0:00:00.016369</p>
<p class='attribute'><strong>Status:</strong> Error 115</p>

<p class='description'>generated by HTMLTestRunner.</p>
</div>



<p id='show_detail_line'>Show
<a href='javascript:showCase(0)'>Summary</a>
<a href='javascript:showCase(1)'>Failed</a>
<a href='javascript:showCase(2)'>All</a>
</p>
<table id='result_table'>
<colgroup>
<col align='left' />
<col align='right' />
<col align='right' />
<col align='right' />
<col align='right' />
<col align='right' />
</colgroup>
<tr id='header_row'>
    <td>Test Group/Test case</td>
    <td>Count</td>
    <td>Pass</td>
    <td>Fail</td>
    <td>Error</td>
    <td>View</td>
</tr>

<tr class='errorClass'>
    <td>test_case.test_events.TestEventB: HERO: W-->O-->W</td>
    <td>115</td>
    <td>0</td>
    <td>0</td>
    <td>115</td>
    <td><a href="javascript:showClassDetail('c1',115)">Detail</a></td>
</tr>

<tr id='ft1.1' class='none'>
    <td class='errorCase'><div class='testcase'>test_OSK: before_time.tc</div></td>
    <td colspan='5' align='center'>

    <!--css div popup start-->
    <a class="popup_link" onfocus='this.blur();' href="javascript:showTestDetail('div_ft1.1')" >
        error</a>

    <div id='div_ft1.1' class="popup_window">
        <div style='text-align: right; color:red;cursor:pointer'>
        <a onfocus='this.blur();' onclick="document.getElementById('div_ft1.1').style.display = 'none' " >
           [x]</a>
        </div>
        <pre>
        
ft1.1: Traceback (most recent call last):
  File "F:\myhouse\MyHouse\nnProject\TestFramework\test_case\test_events.py", line 65, in test_OSK
    case_path = search(g_case_path, self.testMethodDoc)
NameError: name 'g_case_path' is not defined
Traceback (most recent call last):
  File "F:\myhouse\MyHouse\nnProject\TestFramework\test_case\test_events.py", line 65, in test_OSK
    case_path = search(g_case_path, self.testMethodDoc)
NameError: name 'g_case_path' is not defined


        </pre>
    </div>
    <!--css div popup end-->

    </td>
</tr>

<tr id='ft1.2' class='none'>
    <td class='errorCase'><div class='testcase'>test_OSK: drop_data.tc</div></td>
    <td colspan='5' align='center'>

    <!--css div popup start-->
    <a class="popup_link" onfocus='this.blur();' href="javascript:showTestDetail('div_ft1.2')" >
        error</a>

    <div id='div_ft1.2' class="popup_window">
        <div style='text-align: right; color:red;cursor:pointer'>
        <a onfocus='this.blur();' onclick="document.getElementById('div_ft1.2').style.display = 'none' " >
           [x]</a>
        </div>
        <pre>
        
ft1.2: Traceback (most recent call last):
  File "F:\myhouse\MyHouse\nnProject\TestFramework\test_case\test_events.py", line 65, in test_OSK
    case_path = search(g_case_path, self.testMethodDoc)
NameError: name 'g_case_path' is not defined
Traceback (most recent call last):
  File "F:\myhouse\MyHouse\nnProject\TestFramework\test_case\test_events.py", line 65, in test_OSK
    case_path = search(g_case_path, self.testMethodDoc)
NameError: name 'g_case_path' is not defined


        </pre>
    </div>
    <!--css div popup end-->

    </td>
</tr>

<tr id='ft1.3' class='none'>
    <td class='errorCase'><div class='testcase'>test_OSK: one_request.tc</div></td>
    <td colspan='5' align='center'>

    <!--css div popup start-->
    <a class="popup_link" onfocus='this.blur();' href="javascript:showTestDetail('div_ft1.3')" >
        error</a>

    <div id='div_ft1.3' class="popup_window">
        <div style='text-align: right; color:red;cursor:pointer'>
        <a onfocus='this.blur();' onclick="document.getElementById('div_ft1.3').style.display = 'none' " >
           [x]</a>
        </div>
        <pre>
        
ft1.3: Traceback (most recent call last):
  File "F:\myhouse\MyHouse\nnProject\TestFramework\test_case\test_events.py", line 65, in test_OSK
    case_path = search(g_case_path, self.testMethodDoc)
NameError: name 'g_case_path' is not defined
Traceback (most recent call last):
  File "F:\myhouse\MyHouse\nnProject\TestFramework\test_case\test_events.py", line 65, in test_OSK
    case_path = search(g_case_path, self.testMethodDoc)
NameError: name 'g_case_path' is not defined


        </pre>
    </div>
    <!--css div popup end-->

    </td>
</tr>

<tr id='ft1.4' class='none'>
    <td class='errorCase'><div class='testcase'>test_OSK: one_request1.tc</div></td>
    <td colspan='5' align='center'>

    <!--css div popup start-->
    <a class="popup_link" onfocus='this.blur();' href="javascript:showTestDetail('div_ft1.4')" >
        error</a>

    <div id='div_ft1.4' class="popup_window">
        <div style='text-align: right; color:red;cursor:pointer'>
        <a onfocus='this.blur();' onclick="document.getElementById('div_ft1.4').style.display = 'none' " >
           [x]</a>
        </div>
        <pre>
        
ft1.4: Traceback (most recent call last):
  File "F:\myhouse\MyHouse\nnProject\TestFramework\test_case\test_events.py", line 65, in test_OSK
    case_path = search(g_case_path, self.testMethodDoc)
NameError: name 'g_case_path' is not defined
Traceback (most recent call last):
  File "F:\myhouse\MyHouse\nnProject\TestFramework\test_case\test_events.py", line 65, in test_OSK
    case_path = search(g_case_path, self.testMethodDoc)
NameError: name 'g_case_path' is not defined


        </pre>
    </div>
    <!--css div popup end-->

    </td>
</tr>

<tr id='ft1.5' class='none'>
    <td class='errorCase'><div class='testcase'>test_OSK: two_request.tc</div></td>
    <td colspan='5' align='center'>

    <!--css div popup start-->
    <a class="popup_link" onfocus='this.blur();' href="javascript:showTestDetail('div_ft1.5')" >
        error</a>

    <div id='div_ft1.5' class="popup_window">
        <div style='text-align: right; color:red;cursor:pointer'>
        <a onfocus='this.blur();' onclick="document.getElementById('div_ft1.5').style.display = 'none' " >
           [x]</a>
        </div>
        <pre>
        
ft1.5: Traceback (most recent call last):
  File "F:\myhouse\MyHouse\nnProject\TestFramework\test_case\test_events.py", line 65, in test_OSK
    case_path = search(g_case_path, self.testMethodDoc)
NameError: name 'g_case_path' is not defined
Traceback (most recent call last):
  File "F:\myhouse\MyHouse\nnProject\TestFramework\test_case\test_events.py", line 65, in test_OSK
    case_path = search(g_case_path, self.testMethodDoc)
NameError: name 'g_case_path' is not defined


        </pre>
    </div>
    <!--css div popup end-->

    </td>
</tr>

<tr id='ft1.6' class='none'>
    <td class='errorCase'><div class='testcase'>test_OSK: two_request1.tc</div></td>
    <td colspan='5' align='center'>

    <!--css div popup start-->
    <a class="popup_link" onfocus='this.blur();' href="javascript:showTestDetail('div_ft1.6')" >
        error</a>

    <div id='div_ft1.6' class="popup_window">
        <div style='text-align: right; color:red;cursor:pointer'>
        <a onfocus='this.blur();' onclick="document.getElementById('div_ft1.6').style.display = 'none' " >
           [x]</a>
        </div>
        <pre>
        
ft1.6: Traceback (most recent call last):
  File "F:\myhouse\MyHouse\nnProject\TestFramework\test_case\test_events.py", line 65, in test_OSK
    case_path = search(g_case_path, self.testMethodDoc)
NameError: name 'g_case_path' is not defined
Traceback (most recent call last):
  File "F:\myhouse\MyHouse\nnProject\TestFramework\test_case\test_events.py", line 65, in test_OSK
    case_path = search(g_case_path, self.testMethodDoc)
NameError: name 'g_case_path' is not defined


        </pre>
    </div>
    <!--css div popup end-->

    </td>
</tr>

<tr id='ft1.7' class='none'>
    <td class='errorCase'><div class='testcase'>test_OSK: big_container3.tc</div></td>
    <td colspan='5' align='center'>

    <!--css div popup start-->
    <a class="popup_link" onfocus='this.blur();' href="javascript:showTestDetail('div_ft1.7')" >
        error</a>

    <div id='div_ft1.7' class="popup_window">
        <div style='text-align: right; color:red;cursor:pointer'>
        <a onfocus='this.blur();' onclick="document.getElementById('div_ft1.7').style.display = 'none' " >
           [x]</a>
        </div>
        <pre>
        
ft1.7: Traceback (most recent call last):
  File "F:\myhouse\MyHouse\nnProject\TestFramework\test_case\test_events.py", line 65, in test_OSK
    case_path = search(g_case_path, self.testMethodDoc)
NameError: name 'g_case_path' is not defined
Traceback (most recent call last):
  File "F:\myhouse\MyHouse\nnProject\TestFramework\test_case\test_events.py", line 65, in test_OSK
    case_path = search(g_case_path, self.testMethodDoc)
NameError: name 'g_case_path' is not defined


        </pre>
    </div>
    <!--css div popup end-->

    </td>
</tr>

<tr id='ft1.8' class='none'>
    <td class='errorCase'><div class='testcase'>test_OSK: big_container4.tc</div></td>
    <td colspan='5' align='center'>

    <!--css div popup start-->
    <a class="popup_link" onfocus='this.blur();' href="javascript:showTestDetail('div_ft1.8')" >
        error</a>

    <div id='div_ft1.8' class="popup_window">
        <div style='text-align: right; color:red;cursor:pointer'>
        <a onfocus='this.blur();' onclick="document.getElementById('div_ft1.8').style.display = 'none' " >
           [x]</a>
        </div>
        <pre>
        
ft1.8: Traceback (most recent call last):
  File "F:\myhouse\MyHouse\nnProject\TestFramework\test_case\test_events.py", line 65, in test_OSK
    case_path = search(g_case_path, self.testMethodDoc)
NameError: name 'g_case_path' is not defined
Traceback (most recent call last):
  File "F:\myhouse\MyHouse\nnProject\TestFramework\test_case\test_events.py", line 65, in test_OSK
    case_path = search(g_case_path, self.testMethodDoc)
NameError: name 'g_case_path' is not defined


        </pre>
    </div>
    <!--css div popup end-->

    </td>
</tr>

<tr id='ft1.9' class='none'>
    <td class='errorCase'><div class='testcase'>test_OSK: big_container5.tc</div></td>
    <td colspan='5' align='center'>

    <!--css div popup start-->
    <a class="popup_link" onfocus='this.blur();' href="javascript:showTestDetail('div_ft1.9')" >
        error</a>

    <div id='div_ft1.9' class="popup_window">
        <div style='text-align: right; color:red;cursor:pointer'>
        <a onfocus='this.blur();' onclick="document.getElementById('div_ft1.9').style.display = 'none' " >
           [x]</a>
        </div>
        <pre>
        
ft1.9: Traceback (most recent call last):
  File "F:\myhouse\MyHouse\nnProject\TestFramework\test_case\test_events.py", line 65, in test_OSK
    case_path = search(g_case_path, self.testMethodDoc)
NameError: name 'g_case_path' is not defined
Traceback (most recent call last):
  File "F:\myhouse\MyHouse\nnProject\TestFramework\test_case\test_events.py", line 65, in test_OSK
    case_path = search(g_case_path, self.testMethodDoc)
NameError: name 'g_case_path' is not defined


        </pre>
    </div>
    <!--css div popup end-->

    </td>
</tr>

<tr id='ft1.10' class='none'>
    <td class='errorCase'><div class='testcase'>test_OSK: container_L5G1.tc</div></td>
    <td colspan='5' align='center'>

    <!--css div popup start-->
    <a class="popup_link" onfocus='this.blur();' href="javascript:showTestDetail('div_ft1.10')" >
        error</a>

    <div id='div_ft1.10' class="popup_window">
        <div style='text-align: right; color:red;cursor:pointer'>
        <a onfocus='this.blur();' onclick="document.getElementById('div_ft1.10').style.display = 'none' " >
           [x]</a>
        </div>
        <pre>
        
ft1.10: Traceback (most recent call last):
  File "F:\myhouse\MyHouse\nnProject\TestFramework\test_case\test_events.py", line 65, in test_OSK
    case_path = search(g_case_path, self.testMethodDoc)
NameError: name 'g_case_path' is not defined
Traceback (most recent call last):
  File "F:\myhouse\MyHouse\nnProject\TestFramework\test_case\test_events.py", line 65, in test_OSK
    case_path = search(g_case_path, self.testMethodDoc)
NameError: name 'g_case_path' is not defined


        </pre>
    </div>
    <!--css div popup end-->

    </td>
</tr>

<tr id='ft1.11' class='none'>
    <td class='errorCase'><div class='testcase'>test_OSK: double_container.tc</div></td>
    <td colspan='5' align='center'>

    <!--css div popup start-->
    <a class="popup_link" onfocus='this.blur();' href="javascript:showTestDetail('div_ft1.11')" >
        error</a>

    <div id='div_ft1.11' class="popup_window">
        <div style='text-align: right; color:red;cursor:pointer'>
        <a onfocus='this.blur();' onclick="document.getElementById('div_ft1.11').style.display = 'none' " >
           [x]</a>
        </div>
        <pre>
        
ft1.11: Traceback (most recent call last):
  File "F:\myhouse\MyHouse\nnProject\TestFramework\test_case\test_events.py", line 65, in test_OSK
    case_path = search(g_case_path, self.testMethodDoc)
NameError: name 'g_case_path' is not defined
Traceback (most recent call last):
  File "F:\myhouse\MyHouse\nnProject\TestFramework\test_case\test_events.py", line 65, in test_OSK
    case_path = search(g_case_path, self.testMethodDoc)
NameError: name 'g_case_path' is not defined


        </pre>
    </div>
    <!--css div popup end-->

    </td>
</tr>

<tr id='ft1.12' class='none'>
    <td class='errorCase'><div class='testcase'>test_OSK: double_container1.tc</div></td>
    <td colspan='5' align='center'>

    <!--css div popup start-->
    <a class="popup_link" onfocus='this.blur();' href="javascript:showTestDetail('div_ft1.12')" >
        error</a>

    <div id='div_ft1.12' class="popup_window">
        <div style='text-align: right; color:red;cursor:pointer'>
        <a onfocus='this.blur();' onclick="document.getElementById('div_ft1.12').style.display = 'none' " >
           [x]</a>
        </div>
        <pre>
        
ft1.12: Traceback (most recent call last):
  File "F:\myhouse\MyHouse\nnProject\TestFramework\test_case\test_events.py", line 65, in test_OSK
    case_path = search(g_case_path, self.testMethodDoc)
NameError: name 'g_case_path' is not defined
Traceback (most recent call last):
  File "F:\myhouse\MyHouse\nnProject\TestFramework\test_case\test_events.py", line 65, in test_OSK
    case_path = search(g_case_path, self.testMethodDoc)
NameError: name 'g_case_path' is not defined


        </pre>
    </div>
    <!--css div popup end-->

    </td>
</tr>

<tr id='ft1.13' class='none'>
    <td class='errorCase'><div class='testcase'>test_OSK: double_container2.tc</div></td>
    <td colspan='5' align='center'>

    <!--css div popup start-->
    <a class="popup_link" onfocus='this.blur();' href="javascript:showTestDetail('div_ft1.13')" >
        error</a>

    <div id='div_ft1.13' class="popup_window">
        <div style='text-align: right; color:red;cursor:pointer'>
        <a onfocus='this.blur();' onclick="document.getElementById('div_ft1.13').style.display = 'none' " >
           [x]</a>
        </div>
        <pre>
        
ft1.13: Traceback (most recent call last):
  File "F:\myhouse\MyHouse\nnProject\TestFramework\test_case\test_events.py", line 65, in test_OSK
    case_path = search(g_case_path, self.testMethodDoc)
NameError: name 'g_case_path' is not defined
Traceback (most recent call last):
  File "F:\myhouse\MyHouse\nnProject\TestFramework\test_case\test_events.py", line 65, in test_OSK
    case_path = search(g_case_path, self.testMethodDoc)
NameError: name 'g_case_path' is not defined


        </pre>
    </div>
    <!--css div popup end-->

    </td>
</tr>

<tr id='ft1.14' class='none'>
    <td class='errorCase'><div class='testcase'>test_OSK: double_container3.tc</div></td>
    <td colspan='5' align='center'>

    <!--css div popup start-->
    <a class="popup_link" onfocus='this.blur();' href="javascript:showTestDetail('div_ft1.14')" >
        error</a>

    <div id='div_ft1.14' class="popup_window">
        <div style='text-align: right; color:red;cursor:pointer'>
        <a onfocus='this.blur();' onclick="document.getElementById('div_ft1.14').style.display = 'none' " >
           [x]</a>
        </div>
        <pre>
        
ft1.14: Traceback (most recent call last):
  File "F:\myhouse\MyHouse\nnProject\TestFramework\test_case\test_events.py", line 65, in test_OSK
    case_path = search(g_case_path, self.testMethodDoc)
NameError: name 'g_case_path' is not defined
Traceback (most recent call last):
  File "F:\myhouse\MyHouse\nnProject\TestFramework\test_case\test_events.py", line 65, in test_OSK
    case_path = search(g_case_path, self.testMethodDoc)
NameError: name 'g_case_path' is not defined


        </pre>
    </div>
    <!--css div popup end-->

    </td>
</tr>

<tr id='ft1.15' class='none'>
    <td class='errorCase'><div class='testcase'>test_OSK: double_container_image.tc</div></td>
    <td colspan='5' align='center'>

    <!--css div popup start-->
    <a class="popup_link" onfocus='this.blur();' href="javascript:showTestDetail('div_ft1.15')" >
        error</a>

    <div id='div_ft1.15' class="popup_window">
        <div style='text-align: right; color:red;cursor:pointer'>
        <a onfocus='this.blur();' onclick="document.getElementById('div_ft1.15').style.display = 'none' " >
           [x]</a>
        </div>
        <pre>
        
ft1.15: Traceback (most recent call last):
  File "F:\myhouse\MyHouse\nnProject\TestFramework\test_case\test_events.py", line 65, in test_OSK
    case_path = search(g_case_path, self.testMethodDoc)
NameError: name 'g_case_path' is not defined
Traceback (most recent call last):
  File "F:\myhouse\MyHouse\nnProject\TestFramework\test_case\test_events.py", line 65, in test_OSK
    case_path = search(g_case_path, self.testMethodDoc)
NameError: name 'g_case_path' is not defined


        </pre>
    </div>
    <!--css div popup end-->

    </td>
</tr>

<tr id='ft1.16' class='none'>
    <td class='errorCase'><div class='testcase'>test_OSK: double_single.tc</div></td>
    <td colspan='5' align='center'>

    <!--css div popup start-->
    <a class="popup_link" onfocus='this.blur();' href="javascript:showTestDetail('div_ft1.16')" >
        error</a>

    <div id='div_ft1.16' class="popup_window">
        <div style='text-align: right; color:red;cursor:pointer'>
        <a onfocus='this.blur();' onclick="document.getElementById('div_ft1.16').style.display = 'none' " >
           [x]</a>
        </div>
        <pre>
        
ft1.16: Traceback (most recent call last):
  File "F:\myhouse\MyHouse\nnProject\TestFramework\test_case\test_events.py", line 65, in test_OSK
    case_path = search(g_case_path, self.testMethodDoc)
NameError: name 'g_case_path' is not defined
Traceback (most recent call last):
  File "F:\myhouse\MyHouse\nnProject\TestFramework\test_case\test_events.py", line 65, in test_OSK
    case_path = search(g_case_path, self.testMethodDoc)
NameError: name 'g_case_path' is not defined


        </pre>
    </div>
    <!--css div popup end-->

    </td>
</tr>

<tr id='ft1.17' class='none'>
    <td class='errorCase'><div class='testcase'>test_OSK: double_single1.tc</div></td>
    <td colspan='5' align='center'>

    <!--css div popup start-->
    <a class="popup_link" onfocus='this.blur();' href="javascript:showTestDetail('div_ft1.17')" >
        error</a>

    <div id='div_ft1.17' class="popup_window">
        <div style='text-align: right; color:red;cursor:pointer'>
        <a onfocus='this.blur();' onclick="document.getElementById('div_ft1.17').style.display = 'none' " >
           [x]</a>
        </div>
        <pre>
        
ft1.17: Traceback (most recent call last):
  File "F:\myhouse\MyHouse\nnProject\TestFramework\test_case\test_events.py", line 65, in test_OSK
    case_path = search(g_case_path, self.testMethodDoc)
NameError: name 'g_case_path' is not defined
Traceback (most recent call last):
  File "F:\myhouse\MyHouse\nnProject\TestFramework\test_case\test_events.py", line 65, in test_OSK
    case_path = search(g_case_path, self.testMethodDoc)
NameError: name 'g_case_path' is not defined


        </pre>
    </div>
    <!--css div popup end-->

    </td>
</tr>

<tr id='ft1.18' class='none'>
    <td class='errorCase'><div class='testcase'>test_OSK: single_small_container.tc</div></td>
    <td colspan='5' align='center'>

    <!--css div popup start-->
    <a class="popup_link" onfocus='this.blur();' href="javascript:showTestDetail('div_ft1.18')" >
        error</a>

    <div id='div_ft1.18' class="popup_window">
        <div style='text-align: right; color:red;cursor:pointer'>
        <a onfocus='this.blur();' onclick="document.getElementById('div_ft1.18').style.display = 'none' " >
           [x]</a>
        </div>
        <pre>
        
ft1.18: Traceback (most recent call last):
  File "F:\myhouse\MyHouse\nnProject\TestFramework\test_case\test_events.py", line 65, in test_OSK
    case_path = search(g_case_path, self.testMethodDoc)
NameError: name 'g_case_path' is not defined
Traceback (most recent call last):
  File "F:\myhouse\MyHouse\nnProject\TestFramework\test_case\test_events.py", line 65, in test_OSK
    case_path = search(g_case_path, self.testMethodDoc)
NameError: name 'g_case_path' is not defined


        </pre>
    </div>
    <!--css div popup end-->

    </td>
</tr>

<tr id='ft1.19' class='none'>
    <td class='errorCase'><div class='testcase'>test_OSK: single_small_container1.tc</div></td>
    <td colspan='5' align='center'>

    <!--css div popup start-->
    <a class="popup_link" onfocus='this.blur();' href="javascript:showTestDetail('div_ft1.19')" >
        error</a>

    <div id='div_ft1.19' class="popup_window">
        <div style='text-align: right; color:red;cursor:pointer'>
        <a onfocus='this.blur();' onclick="document.getElementById('div_ft1.19').style.display = 'none' " >
           [x]</a>
        </div>
        <pre>
        
ft1.19: Traceback (most recent call last):
  File "F:\myhouse\MyHouse\nnProject\TestFramework\test_case\test_events.py", line 65, in test_OSK
    case_path = search(g_case_path, self.testMethodDoc)
NameError: name 'g_case_path' is not defined
Traceback (most recent call last):
  File "F:\myhouse\MyHouse\nnProject\TestFramework\test_case\test_events.py", line 65, in test_OSK
    case_path = search(g_case_path, self.testMethodDoc)
NameError: name 'g_case_path' is not defined


        </pre>
    </div>
    <!--css div popup end-->

    </td>
</tr>

<tr id='ft1.20' class='none'>
    <td class='errorCase'><div class='testcase'>test_OSK: single_small_container2.tc</div></td>
    <td colspan='5' align='center'>

    <!--css div popup start-->
    <a class="popup_link" onfocus='this.blur();' href="javascript:showTestDetail('div_ft1.20')" >
        error</a>

    <div id='div_ft1.20' class="popup_window">
        <div style='text-align: right; color:red;cursor:pointer'>
        <a onfocus='this.blur();' onclick="document.getElementById('div_ft1.20').style.display = 'none' " >
           [x]</a>
        </div>
        <pre>
        
ft1.20: Traceback (most recent call last):
  File "F:\myhouse\MyHouse\nnProject\TestFramework\test_case\test_events.py", line 65, in test_OSK
    case_path = search(g_case_path, self.testMethodDoc)
NameError: name 'g_case_path' is not defined
Traceback (most recent call last):
  File "F:\myhouse\MyHouse\nnProject\TestFramework\test_case\test_events.py", line 65, in test_OSK
    case_path = search(g_case_path, self.testMethodDoc)
NameError: name 'g_case_path' is not defined


        </pre>
    </div>
    <!--css div popup end-->

    </td>
</tr>

<tr id='ft1.21' class='none'>
    <td class='errorCase'><div class='testcase'>test_OSK: container_number.tc</div></td>
    <td colspan='5' align='center'>

    <!--css div popup start-->
    <a class="popup_link" onfocus='this.blur();' href="javascript:showTestDetail('div_ft1.21')" >
        error</a>

    <div id='div_ft1.21' class="popup_window">
        <div style='text-align: right; color:red;cursor:pointer'>
        <a onfocus='this.blur();' onclick="document.getElementById('div_ft1.21').style.display = 'none' " >
           [x]</a>
        </div>
        <pre>
        
ft1.21: Traceback (most recent call last):
  File "F:\myhouse\MyHouse\nnProject\TestFramework\test_case\test_events.py", line 65, in test_OSK
    case_path = search(g_case_path, self.testMethodDoc)
NameError: name 'g_case_path' is not defined
Traceback (most recent call last):
  File "F:\myhouse\MyHouse\nnProject\TestFramework\test_case\test_events.py", line 65, in test_OSK
    case_path = search(g_case_path, self.testMethodDoc)
NameError: name 'g_case_path' is not defined


        </pre>
    </div>
    <!--css div popup end-->

    </td>
</tr>

<tr id='ft1.22' class='none'>
    <td class='errorCase'><div class='testcase'>test_OSK: container_number1.tc</div></td>
    <td colspan='5' align='center'>

    <!--css div popup start-->
    <a class="popup_link" onfocus='this.blur();' href="javascript:showTestDetail('div_ft1.22')" >
        error</a>

    <div id='div_ft1.22' class="popup_window">
        <div style='text-align: right; color:red;cursor:pointer'>
        <a onfocus='this.blur();' onclick="document.getElementById('div_ft1.22').style.display = 'none' " >
           [x]</a>
        </div>
        <pre>
        
ft1.22: Traceback (most recent call last):
  File "F:\myhouse\MyHouse\nnProject\TestFramework\test_case\test_events.py", line 65, in test_OSK
    case_path = search(g_case_path, self.testMethodDoc)
NameError: name 'g_case_path' is not defined
Traceback (most recent call last):
  File "F:\myhouse\MyHouse\nnProject\TestFramework\test_case\test_events.py", line 65, in test_OSK
    case_path = search(g_case_path, self.testMethodDoc)
NameError: name 'g_case_path' is not defined


        </pre>
    </div>
    <!--css div popup end-->

    </td>
</tr>

<tr id='ft1.23' class='none'>
    <td class='errorCase'><div class='testcase'>test_OSK: container_number2.tc</div></td>
    <td colspan='5' align='center'>

    <!--css div popup start-->
    <a class="popup_link" onfocus='this.blur();' href="javascript:showTestDetail('div_ft1.23')" >
        error</a>

    <div id='div_ft1.23' class="popup_window">
        <div style='text-align: right; color:red;cursor:pointer'>
        <a onfocus='this.blur();' onclick="document.getElementById('div_ft1.23').style.display = 'none' " >
           [x]</a>
        </div>
        <pre>
        
ft1.23: Traceback (most recent call last):
  File "F:\myhouse\MyHouse\nnProject\TestFramework\test_case\test_events.py", line 65, in test_OSK
    case_path = search(g_case_path, self.testMethodDoc)
NameError: name 'g_case_path' is not defined
Traceback (most recent call last):
  File "F:\myhouse\MyHouse\nnProject\TestFramework\test_case\test_events.py", line 65, in test_OSK
    case_path = search(g_case_path, self.testMethodDoc)
NameError: name 'g_case_path' is not defined


        </pre>
    </div>
    <!--css div popup end-->

    </td>
</tr>

<tr id='ft1.24' class='none'>
    <td class='errorCase'><div class='testcase'>test_OSK: container_style.tc</div></td>
    <td colspan='5' align='center'>

    <!--css div popup start-->
    <a class="popup_link" onfocus='this.blur();' href="javascript:showTestDetail('div_ft1.24')" >
        error</a>

    <div id='div_ft1.24' class="popup_window">
        <div style='text-align: right; color:red;cursor:pointer'>
        <a onfocus='this.blur();' onclick="document.getElementById('div_ft1.24').style.display = 'none' " >
           [x]</a>
        </div>
        <pre>
        
ft1.24: Traceback (most recent call last):
  File "F:\myhouse\MyHouse\nnProject\TestFramework\test_case\test_events.py", line 65, in test_OSK
    case_path = search(g_case_path, self.testMethodDoc)
NameError: name 'g_case_path' is not defined
Traceback (most recent call last):
  File "F:\myhouse\MyHouse\nnProject\TestFramework\test_case\test_events.py", line 65, in test_OSK
    case_path = search(g_case_path, self.testMethodDoc)
NameError: name 'g_case_path' is not defined


        </pre>
    </div>
    <!--css div popup end-->

    </td>
</tr>

<tr id='ft1.25' class='none'>
    <td class='errorCase'><div class='testcase'>test_OSK: container_style1.tc</div></td>
    <td colspan='5' align='center'>

    <!--css div popup start-->
    <a class="popup_link" onfocus='this.blur();' href="javascript:showTestDetail('div_ft1.25')" >
        error</a>

    <div id='div_ft1.25' class="popup_window">
        <div style='text-align: right; color:red;cursor:pointer'>
        <a onfocus='this.blur();' onclick="document.getElementById('div_ft1.25').style.display = 'none' " >
           [x]</a>
        </div>
        <pre>
        
ft1.25: Traceback (most recent call last):
  File "F:\myhouse\MyHouse\nnProject\TestFramework\test_case\test_events.py", line 65, in test_OSK
    case_path = search(g_case_path, self.testMethodDoc)
NameError: name 'g_case_path' is not defined
Traceback (most recent call last):
  File "F:\myhouse\MyHouse\nnProject\TestFramework\test_case\test_events.py", line 65, in test_OSK
    case_path = search(g_case_path, self.testMethodDoc)
NameError: name 'g_case_path' is not defined


        </pre>
    </div>
    <!--css div popup end-->

    </td>
</tr>

<tr id='ft1.26' class='none'>
    <td class='errorCase'><div class='testcase'>test_OSK: container_style2.tc</div></td>
    <td colspan='5' align='center'>

    <!--css div popup start-->
    <a class="popup_link" onfocus='this.blur();' href="javascript:showTestDetail('div_ft1.26')" >
        error</a>

    <div id='div_ft1.26' class="popup_window">
        <div style='text-align: right; color:red;cursor:pointer'>
        <a onfocus='this.blur();' onclick="document.getElementById('div_ft1.26').style.display = 'none' " >
           [x]</a>
        </div>
        <pre>
        
ft1.26: Traceback (most recent call last):
  File "F:\myhouse\MyHouse\nnProject\TestFramework\test_case\test_events.py", line 65, in test_OSK
    case_path = search(g_case_path, self.testMethodDoc)
NameError: name 'g_case_path' is not defined
Traceback (most recent call last):
  File "F:\myhouse\MyHouse\nnProject\TestFramework\test_case\test_events.py", line 65, in test_OSK
    case_path = search(g_case_path, self.testMethodDoc)
NameError: name 'g_case_path' is not defined


        </pre>
    </div>
    <!--css div popup end-->

    </td>
</tr>

<tr id='ft1.27' class='none'>
    <td class='errorCase'><div class='testcase'>test_OSK: plate_container.tc</div></td>
    <td colspan='5' align='center'>

    <!--css div popup start-->
    <a class="popup_link" onfocus='this.blur();' href="javascript:showTestDetail('div_ft1.27')" >
        error</a>

    <div id='div_ft1.27' class="popup_window">
        <div style='text-align: right; color:red;cursor:pointer'>
        <a onfocus='this.blur();' onclick="document.getElementById('div_ft1.27').style.display = 'none' " >
           [x]</a>
        </div>
        <pre>
        
ft1.27: Traceback (most recent call last):
  File "F:\myhouse\MyHouse\nnProject\TestFramework\test_case\test_events.py", line 65, in test_OSK
    case_path = search(g_case_path, self.testMethodDoc)
NameError: name 'g_case_path' is not defined
Traceback (most recent call last):
  File "F:\myhouse\MyHouse\nnProject\TestFramework\test_case\test_events.py", line 65, in test_OSK
    case_path = search(g_case_path, self.testMethodDoc)
NameError: name 'g_case_path' is not defined


        </pre>
    </div>
    <!--css div popup end-->

    </td>
</tr>

<tr id='ft1.28' class='none'>
    <td class='errorCase'><div class='testcase'>test_OSK: plate_container_type.tc</div></td>
    <td colspan='5' align='center'>

    <!--css div popup start-->
    <a class="popup_link" onfocus='this.blur();' href="javascript:showTestDetail('div_ft1.28')" >
        error</a>

    <div id='div_ft1.28' class="popup_window">
        <div style='text-align: right; color:red;cursor:pointer'>
        <a onfocus='this.blur();' onclick="document.getElementById('div_ft1.28').style.display = 'none' " >
           [x]</a>
        </div>
        <pre>
        
ft1.28: Traceback (most recent call last):
  File "F:\myhouse\MyHouse\nnProject\TestFramework\test_case\test_events.py", line 65, in test_OSK
    case_path = search(g_case_path, self.testMethodDoc)
NameError: name 'g_case_path' is not defined
Traceback (most recent call last):
  File "F:\myhouse\MyHouse\nnProject\TestFramework\test_case\test_events.py", line 65, in test_OSK
    case_path = search(g_case_path, self.testMethodDoc)
NameError: name 'g_case_path' is not defined


        </pre>
    </div>
    <!--css div popup end-->

    </td>
</tr>

<tr id='ft1.29' class='none'>
    <td class='errorCase'><div class='testcase'>test_OSK: big_container.tc</div></td>
    <td colspan='5' align='center'>

    <!--css div popup start-->
    <a class="popup_link" onfocus='this.blur();' href="javascript:showTestDetail('div_ft1.29')" >
        error</a>

    <div id='div_ft1.29' class="popup_window">
        <div style='text-align: right; color:red;cursor:pointer'>
        <a onfocus='this.blur();' onclick="document.getElementById('div_ft1.29').style.display = 'none' " >
           [x]</a>
        </div>
        <pre>
        
ft1.29: Traceback (most recent call last):
  File "F:\myhouse\MyHouse\nnProject\TestFramework\test_case\test_events.py", line 65, in test_OSK
    case_path = search(g_case_path, self.testMethodDoc)
NameError: name 'g_case_path' is not defined
Traceback (most recent call last):
  File "F:\myhouse\MyHouse\nnProject\TestFramework\test_case\test_events.py", line 65, in test_OSK
    case_path = search(g_case_path, self.testMethodDoc)
NameError: name 'g_case_path' is not defined


        </pre>
    </div>
    <!--css div popup end-->

    </td>
</tr>

<tr id='ft1.30' class='none'>
    <td class='errorCase'><div class='testcase'>test_OSK: big_container1.tc</div></td>
    <td colspan='5' align='center'>

    <!--css div popup start-->
    <a class="popup_link" onfocus='this.blur();' href="javascript:showTestDetail('div_ft1.30')" >
        error</a>

    <div id='div_ft1.30' class="popup_window">
        <div style='text-align: right; color:red;cursor:pointer'>
        <a onfocus='this.blur();' onclick="document.getElementById('div_ft1.30').style.display = 'none' " >
           [x]</a>
        </div>
        <pre>
        
ft1.30: Traceback (most recent call last):
  File "F:\myhouse\MyHouse\nnProject\TestFramework\test_case\test_events.py", line 65, in test_OSK
    case_path = search(g_case_path, self.testMethodDoc)
NameError: name 'g_case_path' is not defined
Traceback (most recent call last):
  File "F:\myhouse\MyHouse\nnProject\TestFramework\test_case\test_events.py", line 65, in test_OSK
    case_path = search(g_case_path, self.testMethodDoc)
NameError: name 'g_case_path' is not defined


        </pre>
    </div>
    <!--css div popup end-->

    </td>
</tr>

<tr id='ft1.31' class='none'>
    <td class='errorCase'><div class='testcase'>test_OSK: big_container2.tc</div></td>
    <td colspan='5' align='center'>

    <!--css div popup start-->
    <a class="popup_link" onfocus='this.blur();' href="javascript:showTestDetail('div_ft1.31')" >
        error</a>

    <div id='div_ft1.31' class="popup_window">
        <div style='text-align: right; color:red;cursor:pointer'>
        <a onfocus='this.blur();' onclick="document.getElementById('div_ft1.31').style.display = 'none' " >
           [x]</a>
        </div>
        <pre>
        
ft1.31: Traceback (most recent call last):
  File "F:\myhouse\MyHouse\nnProject\TestFramework\test_case\test_events.py", line 65, in test_OSK
    case_path = search(g_case_path, self.testMethodDoc)
NameError: name 'g_case_path' is not defined
Traceback (most recent call last):
  File "F:\myhouse\MyHouse\nnProject\TestFramework\test_case\test_events.py", line 65, in test_OSK
    case_path = search(g_case_path, self.testMethodDoc)
NameError: name 'g_case_path' is not defined


        </pre>
    </div>
    <!--css div popup end-->

    </td>
</tr>

<tr id='ft1.32' class='none'>
    <td class='errorCase'><div class='testcase'>test_OSK: big_container_L5G1.tc</div></td>
    <td colspan='5' align='center'>

    <!--css div popup start-->
    <a class="popup_link" onfocus='this.blur();' href="javascript:showTestDetail('div_ft1.32')" >
        error</a>

    <div id='div_ft1.32' class="popup_window">
        <div style='text-align: right; color:red;cursor:pointer'>
        <a onfocus='this.blur();' onclick="document.getElementById('div_ft1.32').style.display = 'none' " >
           [x]</a>
        </div>
        <pre>
        
ft1.32: Traceback (most recent call last):
  File "F:\myhouse\MyHouse\nnProject\TestFramework\test_case\test_events.py", line 65, in test_OSK
    case_path = search(g_case_path, self.testMethodDoc)
NameError: name 'g_case_path' is not defined
Traceback (most recent call last):
  File "F:\myhouse\MyHouse\nnProject\TestFramework\test_case\test_events.py", line 65, in test_OSK
    case_path = search(g_case_path, self.testMethodDoc)
NameError: name 'g_case_path' is not defined


        </pre>
    </div>
    <!--css div popup end-->

    </td>
</tr>

<tr id='ft1.33' class='none'>
    <td class='errorCase'><div class='testcase'>test_OSK: emptycar.tc</div></td>
    <td colspan='5' align='center'>

    <!--css div popup start-->
    <a class="popup_link" onfocus='this.blur();' href="javascript:showTestDetail('div_ft1.33')" >
        error</a>

    <div id='div_ft1.33' class="popup_window">
        <div style='text-align: right; color:red;cursor:pointer'>
        <a onfocus='this.blur();' onclick="document.getElementById('div_ft1.33').style.display = 'none' " >
           [x]</a>
        </div>
        <pre>
        
ft1.33: Traceback (most recent call last):
  File "F:\myhouse\MyHouse\nnProject\TestFramework\test_case\test_events.py", line 65, in test_OSK
    case_path = search(g_case_path, self.testMethodDoc)
NameError: name 'g_case_path' is not defined
Traceback (most recent call last):
  File "F:\myhouse\MyHouse\nnProject\TestFramework\test_case\test_events.py", line 65, in test_OSK
    case_path = search(g_case_path, self.testMethodDoc)
NameError: name 'g_case_path' is not defined


        </pre>
    </div>
    <!--css div popup end-->

    </td>
</tr>

<tr id='ft1.34' class='none'>
    <td class='errorCase'><div class='testcase'>test_OSK: port_car.tc</div></td>
    <td colspan='5' align='center'>

    <!--css div popup start-->
    <a class="popup_link" onfocus='this.blur();' href="javascript:showTestDetail('div_ft1.34')" >
        error</a>

    <div id='div_ft1.34' class="popup_window">
        <div style='text-align: right; color:red;cursor:pointer'>
        <a onfocus='this.blur();' onclick="document.getElementById('div_ft1.34').style.display = 'none' " >
           [x]</a>
        </div>
        <pre>
        
ft1.34: Traceback (most recent call last):
  File "F:\myhouse\MyHouse\nnProject\TestFramework\test_case\test_events.py", line 65, in test_OSK
    case_path = search(g_case_path, self.testMethodDoc)
NameError: name 'g_case_path' is not defined
Traceback (most recent call last):
  File "F:\myhouse\MyHouse\nnProject\TestFramework\test_case\test_events.py", line 65, in test_OSK
    case_path = search(g_case_path, self.testMethodDoc)
NameError: name 'g_case_path' is not defined


        </pre>
    </div>
    <!--css div popup end-->

    </td>
</tr>

<tr id='ft1.35' class='none'>
    <td class='errorCase'><div class='testcase'>test_OSK: port_car1.tc</div></td>
    <td colspan='5' align='center'>

    <!--css div popup start-->
    <a class="popup_link" onfocus='this.blur();' href="javascript:showTestDetail('div_ft1.35')" >
        error</a>

    <div id='div_ft1.35' class="popup_window">
        <div style='text-align: right; color:red;cursor:pointer'>
        <a onfocus='this.blur();' onclick="document.getElementById('div_ft1.35').style.display = 'none' " >
           [x]</a>
        </div>
        <pre>
        
ft1.35: Traceback (most recent call last):
  File "F:\myhouse\MyHouse\nnProject\TestFramework\test_case\test_events.py", line 65, in test_OSK
    case_path = search(g_case_path, self.testMethodDoc)
NameError: name 'g_case_path' is not defined
Traceback (most recent call last):
  File "F:\myhouse\MyHouse\nnProject\TestFramework\test_case\test_events.py", line 65, in test_OSK
    case_path = search(g_case_path, self.testMethodDoc)
NameError: name 'g_case_path' is not defined


        </pre>
    </div>
    <!--css div popup end-->

    </td>
</tr>

<tr id='ft1.36' class='none'>
    <td class='errorCase'><div class='testcase'>test_OSK: port_car2.tc</div></td>
    <td colspan='5' align='center'>

    <!--css div popup start-->
    <a class="popup_link" onfocus='this.blur();' href="javascript:showTestDetail('div_ft1.36')" >
        error</a>

    <div id='div_ft1.36' class="popup_window">
        <div style='text-align: right; color:red;cursor:pointer'>
        <a onfocus='this.blur();' onclick="document.getElementById('div_ft1.36').style.display = 'none' " >
           [x]</a>
        </div>
        <pre>
        
ft1.36: Traceback (most recent call last):
  File "F:\myhouse\MyHouse\nnProject\TestFramework\test_case\test_events.py", line 65, in test_OSK
    case_path = search(g_case_path, self.testMethodDoc)
NameError: name 'g_case_path' is not defined
Traceback (most recent call last):
  File "F:\myhouse\MyHouse\nnProject\TestFramework\test_case\test_events.py", line 65, in test_OSK
    case_path = search(g_case_path, self.testMethodDoc)
NameError: name 'g_case_path' is not defined


        </pre>
    </div>
    <!--css div popup end-->

    </td>
</tr>

<tr id='ft1.37' class='none'>
    <td class='errorCase'><div class='testcase'>test_OSK: zimao.tc</div></td>
    <td colspan='5' align='center'>

    <!--css div popup start-->
    <a class="popup_link" onfocus='this.blur();' href="javascript:showTestDetail('div_ft1.37')" >
        error</a>

    <div id='div_ft1.37' class="popup_window">
        <div style='text-align: right; color:red;cursor:pointer'>
        <a onfocus='this.blur();' onclick="document.getElementById('div_ft1.37').style.display = 'none' " >
           [x]</a>
        </div>
        <pre>
        
ft1.37: Traceback (most recent call last):
  File "F:\myhouse\MyHouse\nnProject\TestFramework\test_case\test_events.py", line 65, in test_OSK
    case_path = search(g_case_path, self.testMethodDoc)
NameError: name 'g_case_path' is not defined
Traceback (most recent call last):
  File "F:\myhouse\MyHouse\nnProject\TestFramework\test_case\test_events.py", line 65, in test_OSK
    case_path = search(g_case_path, self.testMethodDoc)
NameError: name 'g_case_path' is not defined


        </pre>
    </div>
    <!--css div popup end-->

    </td>
</tr>

<tr id='ft1.38' class='none'>
    <td class='errorCase'><div class='testcase'>test_OSK: zimao1.tc</div></td>
    <td colspan='5' align='center'>

    <!--css div popup start-->
    <a class="popup_link" onfocus='this.blur();' href="javascript:showTestDetail('div_ft1.38')" >
        error</a>

    <div id='div_ft1.38' class="popup_window">
        <div style='text-align: right; color:red;cursor:pointer'>
        <a onfocus='this.blur();' onclick="document.getElementById('div_ft1.38').style.display = 'none' " >
           [x]</a>
        </div>
        <pre>
        
ft1.38: Traceback (most recent call last):
  File "F:\myhouse\MyHouse\nnProject\TestFramework\test_case\test_events.py", line 65, in test_OSK
    case_path = search(g_case_path, self.testMethodDoc)
NameError: name 'g_case_path' is not defined
Traceback (most recent call last):
  File "F:\myhouse\MyHouse\nnProject\TestFramework\test_case\test_events.py", line 65, in test_OSK
    case_path = search(g_case_path, self.testMethodDoc)
NameError: name 'g_case_path' is not defined


        </pre>
    </div>
    <!--css div popup end-->

    </td>
</tr>

<tr id='ft1.39' class='none'>
    <td class='errorCase'><div class='testcase'>test_OSK: more_lane.tc</div></td>
    <td colspan='5' align='center'>

    <!--css div popup start-->
    <a class="popup_link" onfocus='this.blur();' href="javascript:showTestDetail('div_ft1.39')" >
        error</a>

    <div id='div_ft1.39' class="popup_window">
        <div style='text-align: right; color:red;cursor:pointer'>
        <a onfocus='this.blur();' onclick="document.getElementById('div_ft1.39').style.display = 'none' " >
           [x]</a>
        </div>
        <pre>
        
ft1.39: Traceback (most recent call last):
  File "F:\myhouse\MyHouse\nnProject\TestFramework\test_case\test_events.py", line 65, in test_OSK
    case_path = search(g_case_path, self.testMethodDoc)
NameError: name 'g_case_path' is not defined
Traceback (most recent call last):
  File "F:\myhouse\MyHouse\nnProject\TestFramework\test_case\test_events.py", line 65, in test_OSK
    case_path = search(g_case_path, self.testMethodDoc)
NameError: name 'g_case_path' is not defined


        </pre>
    </div>
    <!--css div popup end-->

    </td>
</tr>

<tr id='ft1.40' class='none'>
    <td class='errorCase'><div class='testcase'>test_OSK: more_lane1.tc</div></td>
    <td colspan='5' align='center'>

    <!--css div popup start-->
    <a class="popup_link" onfocus='this.blur();' href="javascript:showTestDetail('div_ft1.40')" >
        error</a>

    <div id='div_ft1.40' class="popup_window">
        <div style='text-align: right; color:red;cursor:pointer'>
        <a onfocus='this.blur();' onclick="document.getElementById('div_ft1.40').style.display = 'none' " >
           [x]</a>
        </div>
        <pre>
        
ft1.40: Traceback (most recent call last):
  File "F:\myhouse\MyHouse\nnProject\TestFramework\test_case\test_events.py", line 65, in test_OSK
    case_path = search(g_case_path, self.testMethodDoc)
NameError: name 'g_case_path' is not defined
Traceback (most recent call last):
  File "F:\myhouse\MyHouse\nnProject\TestFramework\test_case\test_events.py", line 65, in test_OSK
    case_path = search(g_case_path, self.testMethodDoc)
NameError: name 'g_case_path' is not defined


        </pre>
    </div>
    <!--css div popup end-->

    </td>
</tr>

<tr id='ft1.41' class='none'>
    <td class='errorCase'><div class='testcase'>test_OSK: more_store.tc</div></td>
    <td colspan='5' align='center'>

    <!--css div popup start-->
    <a class="popup_link" onfocus='this.blur();' href="javascript:showTestDetail('div_ft1.41')" >
        error</a>

    <div id='div_ft1.41' class="popup_window">
        <div style='text-align: right; color:red;cursor:pointer'>
        <a onfocus='this.blur();' onclick="document.getElementById('div_ft1.41').style.display = 'none' " >
           [x]</a>
        </div>
        <pre>
        
ft1.41: Traceback (most recent call last):
  File "F:\myhouse\MyHouse\nnProject\TestFramework\test_case\test_events.py", line 65, in test_OSK
    case_path = search(g_case_path, self.testMethodDoc)
NameError: name 'g_case_path' is not defined
Traceback (most recent call last):
  File "F:\myhouse\MyHouse\nnProject\TestFramework\test_case\test_events.py", line 65, in test_OSK
    case_path = search(g_case_path, self.testMethodDoc)
NameError: name 'g_case_path' is not defined


        </pre>
    </div>
    <!--css div popup end-->

    </td>
</tr>

<tr id='ft1.42' class='none'>
    <td class='errorCase'><div class='testcase'>test_OSK: more_token.tc</div></td>
    <td colspan='5' align='center'>

    <!--css div popup start-->
    <a class="popup_link" onfocus='this.blur();' href="javascript:showTestDetail('div_ft1.42')" >
        error</a>

    <div id='div_ft1.42' class="popup_window">
        <div style='text-align: right; color:red;cursor:pointer'>
        <a onfocus='this.blur();' onclick="document.getElementById('div_ft1.42').style.display = 'none' " >
           [x]</a>
        </div>
        <pre>
        
ft1.42: Traceback (most recent call last):
  File "F:\myhouse\MyHouse\nnProject\TestFramework\test_case\test_events.py", line 65, in test_OSK
    case_path = search(g_case_path, self.testMethodDoc)
NameError: name 'g_case_path' is not defined
Traceback (most recent call last):
  File "F:\myhouse\MyHouse\nnProject\TestFramework\test_case\test_events.py", line 65, in test_OSK
    case_path = search(g_case_path, self.testMethodDoc)
NameError: name 'g_case_path' is not defined


        </pre>
    </div>
    <!--css div popup end-->

    </td>
</tr>

<tr id='ft1.43' class='none'>
    <td class='errorCase'><div class='testcase'>test_OSK: more_token1.tc</div></td>
    <td colspan='5' align='center'>

    <!--css div popup start-->
    <a class="popup_link" onfocus='this.blur();' href="javascript:showTestDetail('div_ft1.43')" >
        error</a>

    <div id='div_ft1.43' class="popup_window">
        <div style='text-align: right; color:red;cursor:pointer'>
        <a onfocus='this.blur();' onclick="document.getElementById('div_ft1.43').style.display = 'none' " >
           [x]</a>
        </div>
        <pre>
        
ft1.43: Traceback (most recent call last):
  File "F:\myhouse\MyHouse\nnProject\TestFramework\test_case\test_events.py", line 65, in test_OSK
    case_path = search(g_case_path, self.testMethodDoc)
NameError: name 'g_case_path' is not defined
Traceback (most recent call last):
  File "F:\myhouse\MyHouse\nnProject\TestFramework\test_case\test_events.py", line 65, in test_OSK
    case_path = search(g_case_path, self.testMethodDoc)
NameError: name 'g_case_path' is not defined


        </pre>
    </div>
    <!--css div popup end-->

    </td>
</tr>

<tr id='ft1.44' class='none'>
    <td class='errorCase'><div class='testcase'>test_OSK: more_token2.tc</div></td>
    <td colspan='5' align='center'>

    <!--css div popup start-->
    <a class="popup_link" onfocus='this.blur();' href="javascript:showTestDetail('div_ft1.44')" >
        error</a>

    <div id='div_ft1.44' class="popup_window">
        <div style='text-align: right; color:red;cursor:pointer'>
        <a onfocus='this.blur();' onclick="document.getElementById('div_ft1.44').style.display = 'none' " >
           [x]</a>
        </div>
        <pre>
        
ft1.44: Traceback (most recent call last):
  File "F:\myhouse\MyHouse\nnProject\TestFramework\test_case\test_events.py", line 65, in test_OSK
    case_path = search(g_case_path, self.testMethodDoc)
NameError: name 'g_case_path' is not defined
Traceback (most recent call last):
  File "F:\myhouse\MyHouse\nnProject\TestFramework\test_case\test_events.py", line 65, in test_OSK
    case_path = search(g_case_path, self.testMethodDoc)
NameError: name 'g_case_path' is not defined


        </pre>
    </div>
    <!--css div popup end-->

    </td>
</tr>

<tr id='ft1.45' class='none'>
    <td class='errorCase'><div class='testcase'>test_OSK: more_token3.tc</div></td>
    <td colspan='5' align='center'>

    <!--css div popup start-->
    <a class="popup_link" onfocus='this.blur();' href="javascript:showTestDetail('div_ft1.45')" >
        error</a>

    <div id='div_ft1.45' class="popup_window">
        <div style='text-align: right; color:red;cursor:pointer'>
        <a onfocus='this.blur();' onclick="document.getElementById('div_ft1.45').style.display = 'none' " >
           [x]</a>
        </div>
        <pre>
        
ft1.45: Traceback (most recent call last):
  File "F:\myhouse\MyHouse\nnProject\TestFramework\test_case\test_events.py", line 65, in test_OSK
    case_path = search(g_case_path, self.testMethodDoc)
NameError: name 'g_case_path' is not defined
Traceback (most recent call last):
  File "F:\myhouse\MyHouse\nnProject\TestFramework\test_case\test_events.py", line 65, in test_OSK
    case_path = search(g_case_path, self.testMethodDoc)
NameError: name 'g_case_path' is not defined


        </pre>
    </div>
    <!--css div popup end-->

    </td>
</tr>

<tr id='ft1.46' class='none'>
    <td class='errorCase'><div class='testcase'>test_OSK: more_token4.tc</div></td>
    <td colspan='5' align='center'>

    <!--css div popup start-->
    <a class="popup_link" onfocus='this.blur();' href="javascript:showTestDetail('div_ft1.46')" >
        error</a>

    <div id='div_ft1.46' class="popup_window">
        <div style='text-align: right; color:red;cursor:pointer'>
        <a onfocus='this.blur();' onclick="document.getElementById('div_ft1.46').style.display = 'none' " >
           [x]</a>
        </div>
        <pre>
        
ft1.46: Traceback (most recent call last):
  File "F:\myhouse\MyHouse\nnProject\TestFramework\test_case\test_events.py", line 65, in test_OSK
    case_path = search(g_case_path, self.testMethodDoc)
NameError: name 'g_case_path' is not defined
Traceback (most recent call last):
  File "F:\myhouse\MyHouse\nnProject\TestFramework\test_case\test_events.py", line 65, in test_OSK
    case_path = search(g_case_path, self.testMethodDoc)
NameError: name 'g_case_path' is not defined


        </pre>
    </div>
    <!--css div popup end-->

    </td>
</tr>

<tr id='ft1.47' class='none'>
    <td class='errorCase'><div class='testcase'>test_OSK: more_token5_getone.tc</div></td>
    <td colspan='5' align='center'>

    <!--css div popup start-->
    <a class="popup_link" onfocus='this.blur();' href="javascript:showTestDetail('div_ft1.47')" >
        error</a>

    <div id='div_ft1.47' class="popup_window">
        <div style='text-align: right; color:red;cursor:pointer'>
        <a onfocus='this.blur();' onclick="document.getElementById('div_ft1.47').style.display = 'none' " >
           [x]</a>
        </div>
        <pre>
        
ft1.47: Traceback (most recent call last):
  File "F:\myhouse\MyHouse\nnProject\TestFramework\test_case\test_events.py", line 65, in test_OSK
    case_path = search(g_case_path, self.testMethodDoc)
NameError: name 'g_case_path' is not defined
Traceback (most recent call last):
  File "F:\myhouse\MyHouse\nnProject\TestFramework\test_case\test_events.py", line 65, in test_OSK
    case_path = search(g_case_path, self.testMethodDoc)
NameError: name 'g_case_path' is not defined


        </pre>
    </div>
    <!--css div popup end-->

    </td>
</tr>

<tr id='ft1.48' class='none'>
    <td class='errorCase'><div class='testcase'>test_OSK: more_token6_hp.tc</div></td>
    <td colspan='5' align='center'>

    <!--css div popup start-->
    <a class="popup_link" onfocus='this.blur();' href="javascript:showTestDetail('div_ft1.48')" >
        error</a>

    <div id='div_ft1.48' class="popup_window">
        <div style='text-align: right; color:red;cursor:pointer'>
        <a onfocus='this.blur();' onclick="document.getElementById('div_ft1.48').style.display = 'none' " >
           [x]</a>
        </div>
        <pre>
        
ft1.48: Traceback (most recent call last):
  File "F:\myhouse\MyHouse\nnProject\TestFramework\test_case\test_events.py", line 65, in test_OSK
    case_path = search(g_case_path, self.testMethodDoc)
NameError: name 'g_case_path' is not defined
Traceback (most recent call last):
  File "F:\myhouse\MyHouse\nnProject\TestFramework\test_case\test_events.py", line 65, in test_OSK
    case_path = search(g_case_path, self.testMethodDoc)
NameError: name 'g_case_path' is not defined


        </pre>
    </div>
    <!--css div popup end-->

    </td>
</tr>

<tr id='ft1.49' class='none'>
    <td class='errorCase'><div class='testcase'>test_OSK: only_plate.tc</div></td>
    <td colspan='5' align='center'>

    <!--css div popup start-->
    <a class="popup_link" onfocus='this.blur();' href="javascript:showTestDetail('div_ft1.49')" >
        error</a>

    <div id='div_ft1.49' class="popup_window">
        <div style='text-align: right; color:red;cursor:pointer'>
        <a onfocus='this.blur();' onclick="document.getElementById('div_ft1.49').style.display = 'none' " >
           [x]</a>
        </div>
        <pre>
        
ft1.49: Traceback (most recent call last):
  File "F:\myhouse\MyHouse\nnProject\TestFramework\test_case\test_events.py", line 65, in test_OSK
    case_path = search(g_case_path, self.testMethodDoc)
NameError: name 'g_case_path' is not defined
Traceback (most recent call last):
  File "F:\myhouse\MyHouse\nnProject\TestFramework\test_case\test_events.py", line 65, in test_OSK
    case_path = search(g_case_path, self.testMethodDoc)
NameError: name 'g_case_path' is not defined


        </pre>
    </div>
    <!--css div popup end-->

    </td>
</tr>

<tr id='ft1.50' class='none'>
    <td class='errorCase'><div class='testcase'>test_OSK: only_plate1.tc</div></td>
    <td colspan='5' align='center'>

    <!--css div popup start-->
    <a class="popup_link" onfocus='this.blur();' href="javascript:showTestDetail('div_ft1.50')" >
        error</a>

    <div id='div_ft1.50' class="popup_window">
        <div style='text-align: right; color:red;cursor:pointer'>
        <a onfocus='this.blur();' onclick="document.getElementById('div_ft1.50').style.display = 'none' " >
           [x]</a>
        </div>
        <pre>
        
ft1.50: Traceback (most recent call last):
  File "F:\myhouse\MyHouse\nnProject\TestFramework\test_case\test_events.py", line 65, in test_OSK
    case_path = search(g_case_path, self.testMethodDoc)
NameError: name 'g_case_path' is not defined
Traceback (most recent call last):
  File "F:\myhouse\MyHouse\nnProject\TestFramework\test_case\test_events.py", line 65, in test_OSK
    case_path = search(g_case_path, self.testMethodDoc)
NameError: name 'g_case_path' is not defined


        </pre>
    </div>
    <!--css div popup end-->

    </td>
</tr>

<tr id='ft1.51' class='none'>
    <td class='errorCase'><div class='testcase'>test_OSK: only_plate2.tc</div></td>
    <td colspan='5' align='center'>

    <!--css div popup start-->
    <a class="popup_link" onfocus='this.blur();' href="javascript:showTestDetail('div_ft1.51')" >
        error</a>

    <div id='div_ft1.51' class="popup_window">
        <div style='text-align: right; color:red;cursor:pointer'>
        <a onfocus='this.blur();' onclick="document.getElementById('div_ft1.51').style.display = 'none' " >
           [x]</a>
        </div>
        <pre>
        
ft1.51: Traceback (most recent call last):
  File "F:\myhouse\MyHouse\nnProject\TestFramework\test_case\test_events.py", line 65, in test_OSK
    case_path = search(g_case_path, self.testMethodDoc)
NameError: name 'g_case_path' is not defined
Traceback (most recent call last):
  File "F:\myhouse\MyHouse\nnProject\TestFramework\test_case\test_events.py", line 65, in test_OSK
    case_path = search(g_case_path, self.testMethodDoc)
NameError: name 'g_case_path' is not defined


        </pre>
    </div>
    <!--css div popup end-->

    </td>
</tr>

<tr id='ft1.52' class='none'>
    <td class='errorCase'><div class='testcase'>test_OSK: only_plate_port_car.tc</div></td>
    <td colspan='5' align='center'>

    <!--css div popup start-->
    <a class="popup_link" onfocus='this.blur();' href="javascript:showTestDetail('div_ft1.52')" >
        error</a>

    <div id='div_ft1.52' class="popup_window">
        <div style='text-align: right; color:red;cursor:pointer'>
        <a onfocus='this.blur();' onclick="document.getElementById('div_ft1.52').style.display = 'none' " >
           [x]</a>
        </div>
        <pre>
        
ft1.52: Traceback (most recent call last):
  File "F:\myhouse\MyHouse\nnProject\TestFramework\test_case\test_events.py", line 65, in test_OSK
    case_path = search(g_case_path, self.testMethodDoc)
NameError: name 'g_case_path' is not defined
Traceback (most recent call last):
  File "F:\myhouse\MyHouse\nnProject\TestFramework\test_case\test_events.py", line 65, in test_OSK
    case_path = search(g_case_path, self.testMethodDoc)
NameError: name 'g_case_path' is not defined


        </pre>
    </div>
    <!--css div popup end-->

    </td>
</tr>

<tr id='ft1.53' class='none'>
    <td class='errorCase'><div class='testcase'>test_OSK: plate_image.tc</div></td>
    <td colspan='5' align='center'>

    <!--css div popup start-->
    <a class="popup_link" onfocus='this.blur();' href="javascript:showTestDetail('div_ft1.53')" >
        error</a>

    <div id='div_ft1.53' class="popup_window">
        <div style='text-align: right; color:red;cursor:pointer'>
        <a onfocus='this.blur();' onclick="document.getElementById('div_ft1.53').style.display = 'none' " >
           [x]</a>
        </div>
        <pre>
        
ft1.53: Traceback (most recent call last):
  File "F:\myhouse\MyHouse\nnProject\TestFramework\test_case\test_events.py", line 65, in test_OSK
    case_path = search(g_case_path, self.testMethodDoc)
NameError: name 'g_case_path' is not defined
Traceback (most recent call last):
  File "F:\myhouse\MyHouse\nnProject\TestFramework\test_case\test_events.py", line 65, in test_OSK
    case_path = search(g_case_path, self.testMethodDoc)
NameError: name 'g_case_path' is not defined


        </pre>
    </div>
    <!--css div popup end-->

    </td>
</tr>

<tr id='ft1.54' class='none'>
    <td class='errorCase'><div class='testcase'>test_OSK: false.tc</div></td>
    <td colspan='5' align='center'>

    <!--css div popup start-->
    <a class="popup_link" onfocus='this.blur();' href="javascript:showTestDetail('div_ft1.54')" >
        error</a>

    <div id='div_ft1.54' class="popup_window">
        <div style='text-align: right; color:red;cursor:pointer'>
        <a onfocus='this.blur();' onclick="document.getElementById('div_ft1.54').style.display = 'none' " >
           [x]</a>
        </div>
        <pre>
        
ft1.54: Traceback (most recent call last):
  File "F:\myhouse\MyHouse\nnProject\TestFramework\test_case\test_events.py", line 65, in test_OSK
    case_path = search(g_case_path, self.testMethodDoc)
NameError: name 'g_case_path' is not defined
Traceback (most recent call last):
  File "F:\myhouse\MyHouse\nnProject\TestFramework\test_case\test_events.py", line 65, in test_OSK
    case_path = search(g_case_path, self.testMethodDoc)
NameError: name 'g_case_path' is not defined


        </pre>
    </div>
    <!--css div popup end-->

    </td>
</tr>

<tr id='ft1.55' class='none'>
    <td class='errorCase'><div class='testcase'>test_OSK: true.tc</div></td>
    <td colspan='5' align='center'>

    <!--css div popup start-->
    <a class="popup_link" onfocus='this.blur();' href="javascript:showTestDetail('div_ft1.55')" >
        error</a>

    <div id='div_ft1.55' class="popup_window">
        <div style='text-align: right; color:red;cursor:pointer'>
        <a onfocus='this.blur();' onclick="document.getElementById('div_ft1.55').style.display = 'none' " >
           [x]</a>
        </div>
        <pre>
        
ft1.55: Traceback (most recent call last):
  File "F:\myhouse\MyHouse\nnProject\TestFramework\test_case\test_events.py", line 65, in test_OSK
    case_path = search(g_case_path, self.testMethodDoc)
NameError: name 'g_case_path' is not defined
Traceback (most recent call last):
  File "F:\myhouse\MyHouse\nnProject\TestFramework\test_case\test_events.py", line 65, in test_OSK
    case_path = search(g_case_path, self.testMethodDoc)
NameError: name 'g_case_path' is not defined


        </pre>
    </div>
    <!--css div popup end-->

    </td>
</tr>

<tr id='ft1.56' class='none'>
    <td class='errorCase'><div class='testcase'>test_OSK: true_false.tc</div></td>
    <td colspan='5' align='center'>

    <!--css div popup start-->
    <a class="popup_link" onfocus='this.blur();' href="javascript:showTestDetail('div_ft1.56')" >
        error</a>

    <div id='div_ft1.56' class="popup_window">
        <div style='text-align: right; color:red;cursor:pointer'>
        <a onfocus='this.blur();' onclick="document.getElementById('div_ft1.56').style.display = 'none' " >
           [x]</a>
        </div>
        <pre>
        
ft1.56: Traceback (most recent call last):
  File "F:\myhouse\MyHouse\nnProject\TestFramework\test_case\test_events.py", line 65, in test_OSK
    case_path = search(g_case_path, self.testMethodDoc)
NameError: name 'g_case_path' is not defined
Traceback (most recent call last):
  File "F:\myhouse\MyHouse\nnProject\TestFramework\test_case\test_events.py", line 65, in test_OSK
    case_path = search(g_case_path, self.testMethodDoc)
NameError: name 'g_case_path' is not defined


        </pre>
    </div>
    <!--css div popup end-->

    </td>
</tr>

<tr id='ft1.57' class='none'>
    <td class='errorCase'><div class='testcase'>test_OSK: true_false1.tc</div></td>
    <td colspan='5' align='center'>

    <!--css div popup start-->
    <a class="popup_link" onfocus='this.blur();' href="javascript:showTestDetail('div_ft1.57')" >
        error</a>

    <div id='div_ft1.57' class="popup_window">
        <div style='text-align: right; color:red;cursor:pointer'>
        <a onfocus='this.blur();' onclick="document.getElementById('div_ft1.57').style.display = 'none' " >
           [x]</a>
        </div>
        <pre>
        
ft1.57: Traceback (most recent call last):
  File "F:\myhouse\MyHouse\nnProject\TestFramework\test_case\test_events.py", line 65, in test_OSK
    case_path = search(g_case_path, self.testMethodDoc)
NameError: name 'g_case_path' is not defined
Traceback (most recent call last):
  File "F:\myhouse\MyHouse\nnProject\TestFramework\test_case\test_events.py", line 65, in test_OSK
    case_path = search(g_case_path, self.testMethodDoc)
NameError: name 'g_case_path' is not defined


        </pre>
    </div>
    <!--css div popup end-->

    </td>
</tr>

<tr id='ft1.58' class='none'>
    <td class='errorCase'><div class='testcase'>test_OSK: true_false2.tc</div></td>
    <td colspan='5' align='center'>

    <!--css div popup start-->
    <a class="popup_link" onfocus='this.blur();' href="javascript:showTestDetail('div_ft1.58')" >
        error</a>

    <div id='div_ft1.58' class="popup_window">
        <div style='text-align: right; color:red;cursor:pointer'>
        <a onfocus='this.blur();' onclick="document.getElementById('div_ft1.58').style.display = 'none' " >
           [x]</a>
        </div>
        <pre>
        
ft1.58: Traceback (most recent call last):
  File "F:\myhouse\MyHouse\nnProject\TestFramework\test_case\test_events.py", line 65, in test_OSK
    case_path = search(g_case_path, self.testMethodDoc)
NameError: name 'g_case_path' is not defined
Traceback (most recent call last):
  File "F:\myhouse\MyHouse\nnProject\TestFramework\test_case\test_events.py", line 65, in test_OSK
    case_path = search(g_case_path, self.testMethodDoc)
NameError: name 'g_case_path' is not defined


        </pre>
    </div>
    <!--css div popup end-->

    </td>
</tr>

<tr id='ft1.59' class='none'>
    <td class='errorCase'><div class='testcase'>test_OSK: before_time.tc</div></td>
    <td colspan='5' align='center'>

    <!--css div popup start-->
    <a class="popup_link" onfocus='this.blur();' href="javascript:showTestDetail('div_ft1.59')" >
        error</a>

    <div id='div_ft1.59' class="popup_window">
        <div style='text-align: right; color:red;cursor:pointer'>
        <a onfocus='this.blur();' onclick="document.getElementById('div_ft1.59').style.display = 'none' " >
           [x]</a>
        </div>
        <pre>
        
ft1.59: Traceback (most recent call last):
  File "F:\myhouse\MyHouse\nnProject\TestFramework\test_case\test_events.py", line 65, in test_OSK
    case_path = search(g_case_path, self.testMethodDoc)
NameError: name 'g_case_path' is not defined
Traceback (most recent call last):
  File "F:\myhouse\MyHouse\nnProject\TestFramework\test_case\test_events.py", line 65, in test_OSK
    case_path = search(g_case_path, self.testMethodDoc)
NameError: name 'g_case_path' is not defined


        </pre>
    </div>
    <!--css div popup end-->

    </td>
</tr>

<tr id='ft1.60' class='none'>
    <td class='errorCase'><div class='testcase'>test_OSK: drop_data.tc</div></td>
    <td colspan='5' align='center'>

    <!--css div popup start-->
    <a class="popup_link" onfocus='this.blur();' href="javascript:showTestDetail('div_ft1.60')" >
        error</a>

    <div id='div_ft1.60' class="popup_window">
        <div style='text-align: right; color:red;cursor:pointer'>
        <a onfocus='this.blur();' onclick="document.getElementById('div_ft1.60').style.display = 'none' " >
           [x]</a>
        </div>
        <pre>
        
ft1.60: Traceback (most recent call last):
  File "F:\myhouse\MyHouse\nnProject\TestFramework\test_case\test_events.py", line 65, in test_OSK
    case_path = search(g_case_path, self.testMethodDoc)
NameError: name 'g_case_path' is not defined
Traceback (most recent call last):
  File "F:\myhouse\MyHouse\nnProject\TestFramework\test_case\test_events.py", line 65, in test_OSK
    case_path = search(g_case_path, self.testMethodDoc)
NameError: name 'g_case_path' is not defined


        </pre>
    </div>
    <!--css div popup end-->

    </td>
</tr>

<tr id='ft1.61' class='none'>
    <td class='errorCase'><div class='testcase'>test_OSK: one_request.tc</div></td>
    <td colspan='5' align='center'>

    <!--css div popup start-->
    <a class="popup_link" onfocus='this.blur();' href="javascript:showTestDetail('div_ft1.61')" >
        error</a>

    <div id='div_ft1.61' class="popup_window">
        <div style='text-align: right; color:red;cursor:pointer'>
        <a onfocus='this.blur();' onclick="document.getElementById('div_ft1.61').style.display = 'none' " >
           [x]</a>
        </div>
        <pre>
        
ft1.61: Traceback (most recent call last):
  File "F:\myhouse\MyHouse\nnProject\TestFramework\test_case\test_events.py", line 65, in test_OSK
    case_path = search(g_case_path, self.testMethodDoc)
NameError: name 'g_case_path' is not defined
Traceback (most recent call last):
  File "F:\myhouse\MyHouse\nnProject\TestFramework\test_case\test_events.py", line 65, in test_OSK
    case_path = search(g_case_path, self.testMethodDoc)
NameError: name 'g_case_path' is not defined


        </pre>
    </div>
    <!--css div popup end-->

    </td>
</tr>

<tr id='ft1.62' class='none'>
    <td class='errorCase'><div class='testcase'>test_OSK: one_request1.tc</div></td>
    <td colspan='5' align='center'>

    <!--css div popup start-->
    <a class="popup_link" onfocus='this.blur();' href="javascript:showTestDetail('div_ft1.62')" >
        error</a>

    <div id='div_ft1.62' class="popup_window">
        <div style='text-align: right; color:red;cursor:pointer'>
        <a onfocus='this.blur();' onclick="document.getElementById('div_ft1.62').style.display = 'none' " >
           [x]</a>
        </div>
        <pre>
        
ft1.62: Traceback (most recent call last):
  File "F:\myhouse\MyHouse\nnProject\TestFramework\test_case\test_events.py", line 65, in test_OSK
    case_path = search(g_case_path, self.testMethodDoc)
NameError: name 'g_case_path' is not defined
Traceback (most recent call last):
  File "F:\myhouse\MyHouse\nnProject\TestFramework\test_case\test_events.py", line 65, in test_OSK
    case_path = search(g_case_path, self.testMethodDoc)
NameError: name 'g_case_path' is not defined


        </pre>
    </div>
    <!--css div popup end-->

    </td>
</tr>

<tr id='ft1.63' class='none'>
    <td class='errorCase'><div class='testcase'>test_OSK: two_request.tc</div></td>
    <td colspan='5' align='center'>

    <!--css div popup start-->
    <a class="popup_link" onfocus='this.blur();' href="javascript:showTestDetail('div_ft1.63')" >
        error</a>

    <div id='div_ft1.63' class="popup_window">
        <div style='text-align: right; color:red;cursor:pointer'>
        <a onfocus='this.blur();' onclick="document.getElementById('div_ft1.63').style.display = 'none' " >
           [x]</a>
        </div>
        <pre>
        
ft1.63: Traceback (most recent call last):
  File "F:\myhouse\MyHouse\nnProject\TestFramework\test_case\test_events.py", line 65, in test_OSK
    case_path = search(g_case_path, self.testMethodDoc)
NameError: name 'g_case_path' is not defined
Traceback (most recent call last):
  File "F:\myhouse\MyHouse\nnProject\TestFramework\test_case\test_events.py", line 65, in test_OSK
    case_path = search(g_case_path, self.testMethodDoc)
NameError: name 'g_case_path' is not defined


        </pre>
    </div>
    <!--css div popup end-->

    </td>
</tr>

<tr id='ft1.64' class='none'>
    <td class='errorCase'><div class='testcase'>test_OSK: two_request1.tc</div></td>
    <td colspan='5' align='center'>

    <!--css div popup start-->
    <a class="popup_link" onfocus='this.blur();' href="javascript:showTestDetail('div_ft1.64')" >
        error</a>

    <div id='div_ft1.64' class="popup_window">
        <div style='text-align: right; color:red;cursor:pointer'>
        <a onfocus='this.blur();' onclick="document.getElementById('div_ft1.64').style.display = 'none' " >
           [x]</a>
        </div>
        <pre>
        
ft1.64: Traceback (most recent call last):
  File "F:\myhouse\MyHouse\nnProject\TestFramework\test_case\test_events.py", line 65, in test_OSK
    case_path = search(g_case_path, self.testMethodDoc)
NameError: name 'g_case_path' is not defined
Traceback (most recent call last):
  File "F:\myhouse\MyHouse\nnProject\TestFramework\test_case\test_events.py", line 65, in test_OSK
    case_path = search(g_case_path, self.testMethodDoc)
NameError: name 'g_case_path' is not defined


        </pre>
    </div>
    <!--css div popup end-->

    </td>
</tr>

<tr id='ft1.65' class='none'>
    <td class='errorCase'><div class='testcase'>test_OSK: big_container3.tc</div></td>
    <td colspan='5' align='center'>

    <!--css div popup start-->
    <a class="popup_link" onfocus='this.blur();' href="javascript:showTestDetail('div_ft1.65')" >
        error</a>

    <div id='div_ft1.65' class="popup_window">
        <div style='text-align: right; color:red;cursor:pointer'>
        <a onfocus='this.blur();' onclick="document.getElementById('div_ft1.65').style.display = 'none' " >
           [x]</a>
        </div>
        <pre>
        
ft1.65: Traceback (most recent call last):
  File "F:\myhouse\MyHouse\nnProject\TestFramework\test_case\test_events.py", line 65, in test_OSK
    case_path = search(g_case_path, self.testMethodDoc)
NameError: name 'g_case_path' is not defined
Traceback (most recent call last):
  File "F:\myhouse\MyHouse\nnProject\TestFramework\test_case\test_events.py", line 65, in test_OSK
    case_path = search(g_case_path, self.testMethodDoc)
NameError: name 'g_case_path' is not defined


        </pre>
    </div>
    <!--css div popup end-->

    </td>
</tr>

<tr id='ft1.66' class='none'>
    <td class='errorCase'><div class='testcase'>test_OSK: big_container4.tc</div></td>
    <td colspan='5' align='center'>

    <!--css div popup start-->
    <a class="popup_link" onfocus='this.blur();' href="javascript:showTestDetail('div_ft1.66')" >
        error</a>

    <div id='div_ft1.66' class="popup_window">
        <div style='text-align: right; color:red;cursor:pointer'>
        <a onfocus='this.blur();' onclick="document.getElementById('div_ft1.66').style.display = 'none' " >
           [x]</a>
        </div>
        <pre>
        
ft1.66: Traceback (most recent call last):
  File "F:\myhouse\MyHouse\nnProject\TestFramework\test_case\test_events.py", line 65, in test_OSK
    case_path = search(g_case_path, self.testMethodDoc)
NameError: name 'g_case_path' is not defined
Traceback (most recent call last):
  File "F:\myhouse\MyHouse\nnProject\TestFramework\test_case\test_events.py", line 65, in test_OSK
    case_path = search(g_case_path, self.testMethodDoc)
NameError: name 'g_case_path' is not defined


        </pre>
    </div>
    <!--css div popup end-->

    </td>
</tr>

<tr id='ft1.67' class='none'>
    <td class='errorCase'><div class='testcase'>test_OSK: big_container5.tc</div></td>
    <td colspan='5' align='center'>

    <!--css div popup start-->
    <a class="popup_link" onfocus='this.blur();' href="javascript:showTestDetail('div_ft1.67')" >
        error</a>

    <div id='div_ft1.67' class="popup_window">
        <div style='text-align: right; color:red;cursor:pointer'>
        <a onfocus='this.blur();' onclick="document.getElementById('div_ft1.67').style.display = 'none' " >
           [x]</a>
        </div>
        <pre>
        
ft1.67: Traceback (most recent call last):
  File "F:\myhouse\MyHouse\nnProject\TestFramework\test_case\test_events.py", line 65, in test_OSK
    case_path = search(g_case_path, self.testMethodDoc)
NameError: name 'g_case_path' is not defined
Traceback (most recent call last):
  File "F:\myhouse\MyHouse\nnProject\TestFramework\test_case\test_events.py", line 65, in test_OSK
    case_path = search(g_case_path, self.testMethodDoc)
NameError: name 'g_case_path' is not defined


        </pre>
    </div>
    <!--css div popup end-->

    </td>
</tr>

<tr id='ft1.68' class='none'>
    <td class='errorCase'><div class='testcase'>test_OSK: container_L5G1.tc</div></td>
    <td colspan='5' align='center'>

    <!--css div popup start-->
    <a class="popup_link" onfocus='this.blur();' href="javascript:showTestDetail('div_ft1.68')" >
        error</a>

    <div id='div_ft1.68' class="popup_window">
        <div style='text-align: right; color:red;cursor:pointer'>
        <a onfocus='this.blur();' onclick="document.getElementById('div_ft1.68').style.display = 'none' " >
           [x]</a>
        </div>
        <pre>
        
ft1.68: Traceback (most recent call last):
  File "F:\myhouse\MyHouse\nnProject\TestFramework\test_case\test_events.py", line 65, in test_OSK
    case_path = search(g_case_path, self.testMethodDoc)
NameError: name 'g_case_path' is not defined
Traceback (most recent call last):
  File "F:\myhouse\MyHouse\nnProject\TestFramework\test_case\test_events.py", line 65, in test_OSK
    case_path = search(g_case_path, self.testMethodDoc)
NameError: name 'g_case_path' is not defined


        </pre>
    </div>
    <!--css div popup end-->

    </td>
</tr>

<tr id='ft1.69' class='none'>
    <td class='errorCase'><div class='testcase'>test_OSK: double_container.tc</div></td>
    <td colspan='5' align='center'>

    <!--css div popup start-->
    <a class="popup_link" onfocus='this.blur();' href="javascript:showTestDetail('div_ft1.69')" >
        error</a>

    <div id='div_ft1.69' class="popup_window">
        <div style='text-align: right; color:red;cursor:pointer'>
        <a onfocus='this.blur();' onclick="document.getElementById('div_ft1.69').style.display = 'none' " >
           [x]</a>
        </div>
        <pre>
        
ft1.69: Traceback (most recent call last):
  File "F:\myhouse\MyHouse\nnProject\TestFramework\test_case\test_events.py", line 65, in test_OSK
    case_path = search(g_case_path, self.testMethodDoc)
NameError: name 'g_case_path' is not defined
Traceback (most recent call last):
  File "F:\myhouse\MyHouse\nnProject\TestFramework\test_case\test_events.py", line 65, in test_OSK
    case_path = search(g_case_path, self.testMethodDoc)
NameError: name 'g_case_path' is not defined


        </pre>
    </div>
    <!--css div popup end-->

    </td>
</tr>

<tr id='ft1.70' class='none'>
    <td class='errorCase'><div class='testcase'>test_OSK: double_container1.tc</div></td>
    <td colspan='5' align='center'>

    <!--css div popup start-->
    <a class="popup_link" onfocus='this.blur();' href="javascript:showTestDetail('div_ft1.70')" >
        error</a>

    <div id='div_ft1.70' class="popup_window">
        <div style='text-align: right; color:red;cursor:pointer'>
        <a onfocus='this.blur();' onclick="document.getElementById('div_ft1.70').style.display = 'none' " >
           [x]</a>
        </div>
        <pre>
        
ft1.70: Traceback (most recent call last):
  File "F:\myhouse\MyHouse\nnProject\TestFramework\test_case\test_events.py", line 65, in test_OSK
    case_path = search(g_case_path, self.testMethodDoc)
NameError: name 'g_case_path' is not defined
Traceback (most recent call last):
  File "F:\myhouse\MyHouse\nnProject\TestFramework\test_case\test_events.py", line 65, in test_OSK
    case_path = search(g_case_path, self.testMethodDoc)
NameError: name 'g_case_path' is not defined


        </pre>
    </div>
    <!--css div popup end-->

    </td>
</tr>

<tr id='ft1.71' class='none'>
    <td class='errorCase'><div class='testcase'>test_OSK: double_container2.tc</div></td>
    <td colspan='5' align='center'>

    <!--css div popup start-->
    <a class="popup_link" onfocus='this.blur();' href="javascript:showTestDetail('div_ft1.71')" >
        error</a>

    <div id='div_ft1.71' class="popup_window">
        <div style='text-align: right; color:red;cursor:pointer'>
        <a onfocus='this.blur();' onclick="document.getElementById('div_ft1.71').style.display = 'none' " >
           [x]</a>
        </div>
        <pre>
        
ft1.71: Traceback (most recent call last):
  File "F:\myhouse\MyHouse\nnProject\TestFramework\test_case\test_events.py", line 65, in test_OSK
    case_path = search(g_case_path, self.testMethodDoc)
NameError: name 'g_case_path' is not defined
Traceback (most recent call last):
  File "F:\myhouse\MyHouse\nnProject\TestFramework\test_case\test_events.py", line 65, in test_OSK
    case_path = search(g_case_path, self.testMethodDoc)
NameError: name 'g_case_path' is not defined


        </pre>
    </div>
    <!--css div popup end-->

    </td>
</tr>

<tr id='ft1.72' class='none'>
    <td class='errorCase'><div class='testcase'>test_OSK: double_container3.tc</div></td>
    <td colspan='5' align='center'>

    <!--css div popup start-->
    <a class="popup_link" onfocus='this.blur();' href="javascript:showTestDetail('div_ft1.72')" >
        error</a>

    <div id='div_ft1.72' class="popup_window">
        <div style='text-align: right; color:red;cursor:pointer'>
        <a onfocus='this.blur();' onclick="document.getElementById('div_ft1.72').style.display = 'none' " >
           [x]</a>
        </div>
        <pre>
        
ft1.72: Traceback (most recent call last):
  File "F:\myhouse\MyHouse\nnProject\TestFramework\test_case\test_events.py", line 65, in test_OSK
    case_path = search(g_case_path, self.testMethodDoc)
NameError: name 'g_case_path' is not defined
Traceback (most recent call last):
  File "F:\myhouse\MyHouse\nnProject\TestFramework\test_case\test_events.py", line 65, in test_OSK
    case_path = search(g_case_path, self.testMethodDoc)
NameError: name 'g_case_path' is not defined


        </pre>
    </div>
    <!--css div popup end-->

    </td>
</tr>

<tr id='ft1.73' class='none'>
    <td class='errorCase'><div class='testcase'>test_OSK: double_container_image.tc</div></td>
    <td colspan='5' align='center'>

    <!--css div popup start-->
    <a class="popup_link" onfocus='this.blur();' href="javascript:showTestDetail('div_ft1.73')" >
        error</a>

    <div id='div_ft1.73' class="popup_window">
        <div style='text-align: right; color:red;cursor:pointer'>
        <a onfocus='this.blur();' onclick="document.getElementById('div_ft1.73').style.display = 'none' " >
           [x]</a>
        </div>
        <pre>
        
ft1.73: Traceback (most recent call last):
  File "F:\myhouse\MyHouse\nnProject\TestFramework\test_case\test_events.py", line 65, in test_OSK
    case_path = search(g_case_path, self.testMethodDoc)
NameError: name 'g_case_path' is not defined
Traceback (most recent call last):
  File "F:\myhouse\MyHouse\nnProject\TestFramework\test_case\test_events.py", line 65, in test_OSK
    case_path = search(g_case_path, self.testMethodDoc)
NameError: name 'g_case_path' is not defined


        </pre>
    </div>
    <!--css div popup end-->

    </td>
</tr>

<tr id='ft1.74' class='none'>
    <td class='errorCase'><div class='testcase'>test_OSK: double_single.tc</div></td>
    <td colspan='5' align='center'>

    <!--css div popup start-->
    <a class="popup_link" onfocus='this.blur();' href="javascript:showTestDetail('div_ft1.74')" >
        error</a>

    <div id='div_ft1.74' class="popup_window">
        <div style='text-align: right; color:red;cursor:pointer'>
        <a onfocus='this.blur();' onclick="document.getElementById('div_ft1.74').style.display = 'none' " >
           [x]</a>
        </div>
        <pre>
        
ft1.74: Traceback (most recent call last):
  File "F:\myhouse\MyHouse\nnProject\TestFramework\test_case\test_events.py", line 65, in test_OSK
    case_path = search(g_case_path, self.testMethodDoc)
NameError: name 'g_case_path' is not defined
Traceback (most recent call last):
  File "F:\myhouse\MyHouse\nnProject\TestFramework\test_case\test_events.py", line 65, in test_OSK
    case_path = search(g_case_path, self.testMethodDoc)
NameError: name 'g_case_path' is not defined


        </pre>
    </div>
    <!--css div popup end-->

    </td>
</tr>

<tr id='ft1.75' class='none'>
    <td class='errorCase'><div class='testcase'>test_OSK: double_single1.tc</div></td>
    <td colspan='5' align='center'>

    <!--css div popup start-->
    <a class="popup_link" onfocus='this.blur();' href="javascript:showTestDetail('div_ft1.75')" >
        error</a>

    <div id='div_ft1.75' class="popup_window">
        <div style='text-align: right; color:red;cursor:pointer'>
        <a onfocus='this.blur();' onclick="document.getElementById('div_ft1.75').style.display = 'none' " >
           [x]</a>
        </div>
        <pre>
        
ft1.75: Traceback (most recent call last):
  File "F:\myhouse\MyHouse\nnProject\TestFramework\test_case\test_events.py", line 65, in test_OSK
    case_path = search(g_case_path, self.testMethodDoc)
NameError: name 'g_case_path' is not defined
Traceback (most recent call last):
  File "F:\myhouse\MyHouse\nnProject\TestFramework\test_case\test_events.py", line 65, in test_OSK
    case_path = search(g_case_path, self.testMethodDoc)
NameError: name 'g_case_path' is not defined


        </pre>
    </div>
    <!--css div popup end-->

    </td>
</tr>

<tr id='ft1.76' class='none'>
    <td class='errorCase'><div class='testcase'>test_OSK: single_small_container.tc</div></td>
    <td colspan='5' align='center'>

    <!--css div popup start-->
    <a class="popup_link" onfocus='this.blur();' href="javascript:showTestDetail('div_ft1.76')" >
        error</a>

    <div id='div_ft1.76' class="popup_window">
        <div style='text-align: right; color:red;cursor:pointer'>
        <a onfocus='this.blur();' onclick="document.getElementById('div_ft1.76').style.display = 'none' " >
           [x]</a>
        </div>
        <pre>
        
ft1.76: Traceback (most recent call last):
  File "F:\myhouse\MyHouse\nnProject\TestFramework\test_case\test_events.py", line 65, in test_OSK
    case_path = search(g_case_path, self.testMethodDoc)
NameError: name 'g_case_path' is not defined
Traceback (most recent call last):
  File "F:\myhouse\MyHouse\nnProject\TestFramework\test_case\test_events.py", line 65, in test_OSK
    case_path = search(g_case_path, self.testMethodDoc)
NameError: name 'g_case_path' is not defined


        </pre>
    </div>
    <!--css div popup end-->

    </td>
</tr>

<tr id='ft1.77' class='none'>
    <td class='errorCase'><div class='testcase'>test_OSK: single_small_container1.tc</div></td>
    <td colspan='5' align='center'>

    <!--css div popup start-->
    <a class="popup_link" onfocus='this.blur();' href="javascript:showTestDetail('div_ft1.77')" >
        error</a>

    <div id='div_ft1.77' class="popup_window">
        <div style='text-align: right; color:red;cursor:pointer'>
        <a onfocus='this.blur();' onclick="document.getElementById('div_ft1.77').style.display = 'none' " >
           [x]</a>
        </div>
        <pre>
        
ft1.77: Traceback (most recent call last):
  File "F:\myhouse\MyHouse\nnProject\TestFramework\test_case\test_events.py", line 65, in test_OSK
    case_path = search(g_case_path, self.testMethodDoc)
NameError: name 'g_case_path' is not defined
Traceback (most recent call last):
  File "F:\myhouse\MyHouse\nnProject\TestFramework\test_case\test_events.py", line 65, in test_OSK
    case_path = search(g_case_path, self.testMethodDoc)
NameError: name 'g_case_path' is not defined


        </pre>
    </div>
    <!--css div popup end-->

    </td>
</tr>

<tr id='ft1.78' class='none'>
    <td class='errorCase'><div class='testcase'>test_OSK: single_small_container2.tc</div></td>
    <td colspan='5' align='center'>

    <!--css div popup start-->
    <a class="popup_link" onfocus='this.blur();' href="javascript:showTestDetail('div_ft1.78')" >
        error</a>

    <div id='div_ft1.78' class="popup_window">
        <div style='text-align: right; color:red;cursor:pointer'>
        <a onfocus='this.blur();' onclick="document.getElementById('div_ft1.78').style.display = 'none' " >
           [x]</a>
        </div>
        <pre>
        
ft1.78: Traceback (most recent call last):
  File "F:\myhouse\MyHouse\nnProject\TestFramework\test_case\test_events.py", line 65, in test_OSK
    case_path = search(g_case_path, self.testMethodDoc)
NameError: name 'g_case_path' is not defined
Traceback (most recent call last):
  File "F:\myhouse\MyHouse\nnProject\TestFramework\test_case\test_events.py", line 65, in test_OSK
    case_path = search(g_case_path, self.testMethodDoc)
NameError: name 'g_case_path' is not defined


        </pre>
    </div>
    <!--css div popup end-->

    </td>
</tr>

<tr id='ft1.79' class='none'>
    <td class='errorCase'><div class='testcase'>test_OSK: container_number.tc</div></td>
    <td colspan='5' align='center'>

    <!--css div popup start-->
    <a class="popup_link" onfocus='this.blur();' href="javascript:showTestDetail('div_ft1.79')" >
        error</a>

    <div id='div_ft1.79' class="popup_window">
        <div style='text-align: right; color:red;cursor:pointer'>
        <a onfocus='this.blur();' onclick="document.getElementById('div_ft1.79').style.display = 'none' " >
           [x]</a>
        </div>
        <pre>
        
ft1.79: Traceback (most recent call last):
  File "F:\myhouse\MyHouse\nnProject\TestFramework\test_case\test_events.py", line 65, in test_OSK
    case_path = search(g_case_path, self.testMethodDoc)
NameError: name 'g_case_path' is not defined
Traceback (most recent call last):
  File "F:\myhouse\MyHouse\nnProject\TestFramework\test_case\test_events.py", line 65, in test_OSK
    case_path = search(g_case_path, self.testMethodDoc)
NameError: name 'g_case_path' is not defined


        </pre>
    </div>
    <!--css div popup end-->

    </td>
</tr>

<tr id='ft1.80' class='none'>
    <td class='errorCase'><div class='testcase'>test_OSK: container_number1.tc</div></td>
    <td colspan='5' align='center'>

    <!--css div popup start-->
    <a class="popup_link" onfocus='this.blur();' href="javascript:showTestDetail('div_ft1.80')" >
        error</a>

    <div id='div_ft1.80' class="popup_window">
        <div style='text-align: right; color:red;cursor:pointer'>
        <a onfocus='this.blur();' onclick="document.getElementById('div_ft1.80').style.display = 'none' " >
           [x]</a>
        </div>
        <pre>
        
ft1.80: Traceback (most recent call last):
  File "F:\myhouse\MyHouse\nnProject\TestFramework\test_case\test_events.py", line 65, in test_OSK
    case_path = search(g_case_path, self.testMethodDoc)
NameError: name 'g_case_path' is not defined
Traceback (most recent call last):
  File "F:\myhouse\MyHouse\nnProject\TestFramework\test_case\test_events.py", line 65, in test_OSK
    case_path = search(g_case_path, self.testMethodDoc)
NameError: name 'g_case_path' is not defined


        </pre>
    </div>
    <!--css div popup end-->

    </td>
</tr>

<tr id='ft1.81' class='none'>
    <td class='errorCase'><div class='testcase'>test_OSK: container_number2.tc</div></td>
    <td colspan='5' align='center'>

    <!--css div popup start-->
    <a class="popup_link" onfocus='this.blur();' href="javascript:showTestDetail('div_ft1.81')" >
        error</a>

    <div id='div_ft1.81' class="popup_window">
        <div style='text-align: right; color:red;cursor:pointer'>
        <a onfocus='this.blur();' onclick="document.getElementById('div_ft1.81').style.display = 'none' " >
           [x]</a>
        </div>
        <pre>
        
ft1.81: Traceback (most recent call last):
  File "F:\myhouse\MyHouse\nnProject\TestFramework\test_case\test_events.py", line 65, in test_OSK
    case_path = search(g_case_path, self.testMethodDoc)
NameError: name 'g_case_path' is not defined
Traceback (most recent call last):
  File "F:\myhouse\MyHouse\nnProject\TestFramework\test_case\test_events.py", line 65, in test_OSK
    case_path = search(g_case_path, self.testMethodDoc)
NameError: name 'g_case_path' is not defined


        </pre>
    </div>
    <!--css div popup end-->

    </td>
</tr>

<tr id='ft1.82' class='none'>
    <td class='errorCase'><div class='testcase'>test_OSK: container_style.tc</div></td>
    <td colspan='5' align='center'>

    <!--css div popup start-->
    <a class="popup_link" onfocus='this.blur();' href="javascript:showTestDetail('div_ft1.82')" >
        error</a>

    <div id='div_ft1.82' class="popup_window">
        <div style='text-align: right; color:red;cursor:pointer'>
        <a onfocus='this.blur();' onclick="document.getElementById('div_ft1.82').style.display = 'none' " >
           [x]</a>
        </div>
        <pre>
        
ft1.82: Traceback (most recent call last):
  File "F:\myhouse\MyHouse\nnProject\TestFramework\test_case\test_events.py", line 65, in test_OSK
    case_path = search(g_case_path, self.testMethodDoc)
NameError: name 'g_case_path' is not defined
Traceback (most recent call last):
  File "F:\myhouse\MyHouse\nnProject\TestFramework\test_case\test_events.py", line 65, in test_OSK
    case_path = search(g_case_path, self.testMethodDoc)
NameError: name 'g_case_path' is not defined


        </pre>
    </div>
    <!--css div popup end-->

    </td>
</tr>

<tr id='ft1.83' class='none'>
    <td class='errorCase'><div class='testcase'>test_OSK: container_style1.tc</div></td>
    <td colspan='5' align='center'>

    <!--css div popup start-->
    <a class="popup_link" onfocus='this.blur();' href="javascript:showTestDetail('div_ft1.83')" >
        error</a>

    <div id='div_ft1.83' class="popup_window">
        <div style='text-align: right; color:red;cursor:pointer'>
        <a onfocus='this.blur();' onclick="document.getElementById('div_ft1.83').style.display = 'none' " >
           [x]</a>
        </div>
        <pre>
        
ft1.83: Traceback (most recent call last):
  File "F:\myhouse\MyHouse\nnProject\TestFramework\test_case\test_events.py", line 65, in test_OSK
    case_path = search(g_case_path, self.testMethodDoc)
NameError: name 'g_case_path' is not defined
Traceback (most recent call last):
  File "F:\myhouse\MyHouse\nnProject\TestFramework\test_case\test_events.py", line 65, in test_OSK
    case_path = search(g_case_path, self.testMethodDoc)
NameError: name 'g_case_path' is not defined


        </pre>
    </div>
    <!--css div popup end-->

    </td>
</tr>

<tr id='ft1.84' class='none'>
    <td class='errorCase'><div class='testcase'>test_OSK: container_style2.tc</div></td>
    <td colspan='5' align='center'>

    <!--css div popup start-->
    <a class="popup_link" onfocus='this.blur();' href="javascript:showTestDetail('div_ft1.84')" >
        error</a>

    <div id='div_ft1.84' class="popup_window">
        <div style='text-align: right; color:red;cursor:pointer'>
        <a onfocus='this.blur();' onclick="document.getElementById('div_ft1.84').style.display = 'none' " >
           [x]</a>
        </div>
        <pre>
        
ft1.84: Traceback (most recent call last):
  File "F:\myhouse\MyHouse\nnProject\TestFramework\test_case\test_events.py", line 65, in test_OSK
    case_path = search(g_case_path, self.testMethodDoc)
NameError: name 'g_case_path' is not defined
Traceback (most recent call last):
  File "F:\myhouse\MyHouse\nnProject\TestFramework\test_case\test_events.py", line 65, in test_OSK
    case_path = search(g_case_path, self.testMethodDoc)
NameError: name 'g_case_path' is not defined


        </pre>
    </div>
    <!--css div popup end-->

    </td>
</tr>

<tr id='ft1.85' class='none'>
    <td class='errorCase'><div class='testcase'>test_OSK: plate_container.tc</div></td>
    <td colspan='5' align='center'>

    <!--css div popup start-->
    <a class="popup_link" onfocus='this.blur();' href="javascript:showTestDetail('div_ft1.85')" >
        error</a>

    <div id='div_ft1.85' class="popup_window">
        <div style='text-align: right; color:red;cursor:pointer'>
        <a onfocus='this.blur();' onclick="document.getElementById('div_ft1.85').style.display = 'none' " >
           [x]</a>
        </div>
        <pre>
        
ft1.85: Traceback (most recent call last):
  File "F:\myhouse\MyHouse\nnProject\TestFramework\test_case\test_events.py", line 65, in test_OSK
    case_path = search(g_case_path, self.testMethodDoc)
NameError: name 'g_case_path' is not defined
Traceback (most recent call last):
  File "F:\myhouse\MyHouse\nnProject\TestFramework\test_case\test_events.py", line 65, in test_OSK
    case_path = search(g_case_path, self.testMethodDoc)
NameError: name 'g_case_path' is not defined


        </pre>
    </div>
    <!--css div popup end-->

    </td>
</tr>

<tr id='ft1.86' class='none'>
    <td class='errorCase'><div class='testcase'>test_OSK: plate_container_type.tc</div></td>
    <td colspan='5' align='center'>

    <!--css div popup start-->
    <a class="popup_link" onfocus='this.blur();' href="javascript:showTestDetail('div_ft1.86')" >
        error</a>

    <div id='div_ft1.86' class="popup_window">
        <div style='text-align: right; color:red;cursor:pointer'>
        <a onfocus='this.blur();' onclick="document.getElementById('div_ft1.86').style.display = 'none' " >
           [x]</a>
        </div>
        <pre>
        
ft1.86: Traceback (most recent call last):
  File "F:\myhouse\MyHouse\nnProject\TestFramework\test_case\test_events.py", line 65, in test_OSK
    case_path = search(g_case_path, self.testMethodDoc)
NameError: name 'g_case_path' is not defined
Traceback (most recent call last):
  File "F:\myhouse\MyHouse\nnProject\TestFramework\test_case\test_events.py", line 65, in test_OSK
    case_path = search(g_case_path, self.testMethodDoc)
NameError: name 'g_case_path' is not defined


        </pre>
    </div>
    <!--css div popup end-->

    </td>
</tr>

<tr id='ft1.87' class='none'>
    <td class='errorCase'><div class='testcase'>test_OSK: big_container.tc</div></td>
    <td colspan='5' align='center'>

    <!--css div popup start-->
    <a class="popup_link" onfocus='this.blur();' href="javascript:showTestDetail('div_ft1.87')" >
        error</a>

    <div id='div_ft1.87' class="popup_window">
        <div style='text-align: right; color:red;cursor:pointer'>
        <a onfocus='this.blur();' onclick="document.getElementById('div_ft1.87').style.display = 'none' " >
           [x]</a>
        </div>
        <pre>
        
ft1.87: Traceback (most recent call last):
  File "F:\myhouse\MyHouse\nnProject\TestFramework\test_case\test_events.py", line 65, in test_OSK
    case_path = search(g_case_path, self.testMethodDoc)
NameError: name 'g_case_path' is not defined
Traceback (most recent call last):
  File "F:\myhouse\MyHouse\nnProject\TestFramework\test_case\test_events.py", line 65, in test_OSK
    case_path = search(g_case_path, self.testMethodDoc)
NameError: name 'g_case_path' is not defined


        </pre>
    </div>
    <!--css div popup end-->

    </td>
</tr>

<tr id='ft1.88' class='none'>
    <td class='errorCase'><div class='testcase'>test_OSK: big_container1.tc</div></td>
    <td colspan='5' align='center'>

    <!--css div popup start-->
    <a class="popup_link" onfocus='this.blur();' href="javascript:showTestDetail('div_ft1.88')" >
        error</a>

    <div id='div_ft1.88' class="popup_window">
        <div style='text-align: right; color:red;cursor:pointer'>
        <a onfocus='this.blur();' onclick="document.getElementById('div_ft1.88').style.display = 'none' " >
           [x]</a>
        </div>
        <pre>
        
ft1.88: Traceback (most recent call last):
  File "F:\myhouse\MyHouse\nnProject\TestFramework\test_case\test_events.py", line 65, in test_OSK
    case_path = search(g_case_path, self.testMethodDoc)
NameError: name 'g_case_path' is not defined
Traceback (most recent call last):
  File "F:\myhouse\MyHouse\nnProject\TestFramework\test_case\test_events.py", line 65, in test_OSK
    case_path = search(g_case_path, self.testMethodDoc)
NameError: name 'g_case_path' is not defined


        </pre>
    </div>
    <!--css div popup end-->

    </td>
</tr>

<tr id='ft1.89' class='none'>
    <td class='errorCase'><div class='testcase'>test_OSK: big_container2.tc</div></td>
    <td colspan='5' align='center'>

    <!--css div popup start-->
    <a class="popup_link" onfocus='this.blur();' href="javascript:showTestDetail('div_ft1.89')" >
        error</a>

    <div id='div_ft1.89' class="popup_window">
        <div style='text-align: right; color:red;cursor:pointer'>
        <a onfocus='this.blur();' onclick="document.getElementById('div_ft1.89').style.display = 'none' " >
           [x]</a>
        </div>
        <pre>
        
ft1.89: Traceback (most recent call last):
  File "F:\myhouse\MyHouse\nnProject\TestFramework\test_case\test_events.py", line 65, in test_OSK
    case_path = search(g_case_path, self.testMethodDoc)
NameError: name 'g_case_path' is not defined
Traceback (most recent call last):
  File "F:\myhouse\MyHouse\nnProject\TestFramework\test_case\test_events.py", line 65, in test_OSK
    case_path = search(g_case_path, self.testMethodDoc)
NameError: name 'g_case_path' is not defined


        </pre>
    </div>
    <!--css div popup end-->

    </td>
</tr>

<tr id='ft1.90' class='none'>
    <td class='errorCase'><div class='testcase'>test_OSK: emptycar.tc</div></td>
    <td colspan='5' align='center'>

    <!--css div popup start-->
    <a class="popup_link" onfocus='this.blur();' href="javascript:showTestDetail('div_ft1.90')" >
        error</a>

    <div id='div_ft1.90' class="popup_window">
        <div style='text-align: right; color:red;cursor:pointer'>
        <a onfocus='this.blur();' onclick="document.getElementById('div_ft1.90').style.display = 'none' " >
           [x]</a>
        </div>
        <pre>
        
ft1.90: Traceback (most recent call last):
  File "F:\myhouse\MyHouse\nnProject\TestFramework\test_case\test_events.py", line 65, in test_OSK
    case_path = search(g_case_path, self.testMethodDoc)
NameError: name 'g_case_path' is not defined
Traceback (most recent call last):
  File "F:\myhouse\MyHouse\nnProject\TestFramework\test_case\test_events.py", line 65, in test_OSK
    case_path = search(g_case_path, self.testMethodDoc)
NameError: name 'g_case_path' is not defined


        </pre>
    </div>
    <!--css div popup end-->

    </td>
</tr>

<tr id='ft1.91' class='none'>
    <td class='errorCase'><div class='testcase'>test_OSK: port_car.tc</div></td>
    <td colspan='5' align='center'>

    <!--css div popup start-->
    <a class="popup_link" onfocus='this.blur();' href="javascript:showTestDetail('div_ft1.91')" >
        error</a>

    <div id='div_ft1.91' class="popup_window">
        <div style='text-align: right; color:red;cursor:pointer'>
        <a onfocus='this.blur();' onclick="document.getElementById('div_ft1.91').style.display = 'none' " >
           [x]</a>
        </div>
        <pre>
        
ft1.91: Traceback (most recent call last):
  File "F:\myhouse\MyHouse\nnProject\TestFramework\test_case\test_events.py", line 65, in test_OSK
    case_path = search(g_case_path, self.testMethodDoc)
NameError: name 'g_case_path' is not defined
Traceback (most recent call last):
  File "F:\myhouse\MyHouse\nnProject\TestFramework\test_case\test_events.py", line 65, in test_OSK
    case_path = search(g_case_path, self.testMethodDoc)
NameError: name 'g_case_path' is not defined


        </pre>
    </div>
    <!--css div popup end-->

    </td>
</tr>

<tr id='ft1.92' class='none'>
    <td class='errorCase'><div class='testcase'>test_OSK: port_car1.tc</div></td>
    <td colspan='5' align='center'>

    <!--css div popup start-->
    <a class="popup_link" onfocus='this.blur();' href="javascript:showTestDetail('div_ft1.92')" >
        error</a>

    <div id='div_ft1.92' class="popup_window">
        <div style='text-align: right; color:red;cursor:pointer'>
        <a onfocus='this.blur();' onclick="document.getElementById('div_ft1.92').style.display = 'none' " >
           [x]</a>
        </div>
        <pre>
        
ft1.92: Traceback (most recent call last):
  File "F:\myhouse\MyHouse\nnProject\TestFramework\test_case\test_events.py", line 65, in test_OSK
    case_path = search(g_case_path, self.testMethodDoc)
NameError: name 'g_case_path' is not defined
Traceback (most recent call last):
  File "F:\myhouse\MyHouse\nnProject\TestFramework\test_case\test_events.py", line 65, in test_OSK
    case_path = search(g_case_path, self.testMethodDoc)
NameError: name 'g_case_path' is not defined


        </pre>
    </div>
    <!--css div popup end-->

    </td>
</tr>

<tr id='ft1.93' class='none'>
    <td class='errorCase'><div class='testcase'>test_OSK: port_car2.tc</div></td>
    <td colspan='5' align='center'>

    <!--css div popup start-->
    <a class="popup_link" onfocus='this.blur();' href="javascript:showTestDetail('div_ft1.93')" >
        error</a>

    <div id='div_ft1.93' class="popup_window">
        <div style='text-align: right; color:red;cursor:pointer'>
        <a onfocus='this.blur();' onclick="document.getElementById('div_ft1.93').style.display = 'none' " >
           [x]</a>
        </div>
        <pre>
        
ft1.93: Traceback (most recent call last):
  File "F:\myhouse\MyHouse\nnProject\TestFramework\test_case\test_events.py", line 65, in test_OSK
    case_path = search(g_case_path, self.testMethodDoc)
NameError: name 'g_case_path' is not defined
Traceback (most recent call last):
  File "F:\myhouse\MyHouse\nnProject\TestFramework\test_case\test_events.py", line 65, in test_OSK
    case_path = search(g_case_path, self.testMethodDoc)
NameError: name 'g_case_path' is not defined


        </pre>
    </div>
    <!--css div popup end-->

    </td>
</tr>

<tr id='ft1.94' class='none'>
    <td class='errorCase'><div class='testcase'>test_OSK: zimao.tc</div></td>
    <td colspan='5' align='center'>

    <!--css div popup start-->
    <a class="popup_link" onfocus='this.blur();' href="javascript:showTestDetail('div_ft1.94')" >
        error</a>

    <div id='div_ft1.94' class="popup_window">
        <div style='text-align: right; color:red;cursor:pointer'>
        <a onfocus='this.blur();' onclick="document.getElementById('div_ft1.94').style.display = 'none' " >
           [x]</a>
        </div>
        <pre>
        
ft1.94: Traceback (most recent call last):
  File "F:\myhouse\MyHouse\nnProject\TestFramework\test_case\test_events.py", line 65, in test_OSK
    case_path = search(g_case_path, self.testMethodDoc)
NameError: name 'g_case_path' is not defined
Traceback (most recent call last):
  File "F:\myhouse\MyHouse\nnProject\TestFramework\test_case\test_events.py", line 65, in test_OSK
    case_path = search(g_case_path, self.testMethodDoc)
NameError: name 'g_case_path' is not defined


        </pre>
    </div>
    <!--css div popup end-->

    </td>
</tr>

<tr id='ft1.95' class='none'>
    <td class='errorCase'><div class='testcase'>test_OSK: zimao1.tc</div></td>
    <td colspan='5' align='center'>

    <!--css div popup start-->
    <a class="popup_link" onfocus='this.blur();' href="javascript:showTestDetail('div_ft1.95')" >
        error</a>

    <div id='div_ft1.95' class="popup_window">
        <div style='text-align: right; color:red;cursor:pointer'>
        <a onfocus='this.blur();' onclick="document.getElementById('div_ft1.95').style.display = 'none' " >
           [x]</a>
        </div>
        <pre>
        
ft1.95: Traceback (most recent call last):
  File "F:\myhouse\MyHouse\nnProject\TestFramework\test_case\test_events.py", line 65, in test_OSK
    case_path = search(g_case_path, self.testMethodDoc)
NameError: name 'g_case_path' is not defined
Traceback (most recent call last):
  File "F:\myhouse\MyHouse\nnProject\TestFramework\test_case\test_events.py", line 65, in test_OSK
    case_path = search(g_case_path, self.testMethodDoc)
NameError: name 'g_case_path' is not defined


        </pre>
    </div>
    <!--css div popup end-->

    </td>
</tr>

<tr id='ft1.96' class='none'>
    <td class='errorCase'><div class='testcase'>test_OSK: more_lane.tc</div></td>
    <td colspan='5' align='center'>

    <!--css div popup start-->
    <a class="popup_link" onfocus='this.blur();' href="javascript:showTestDetail('div_ft1.96')" >
        error</a>

    <div id='div_ft1.96' class="popup_window">
        <div style='text-align: right; color:red;cursor:pointer'>
        <a onfocus='this.blur();' onclick="document.getElementById('div_ft1.96').style.display = 'none' " >
           [x]</a>
        </div>
        <pre>
        
ft1.96: Traceback (most recent call last):
  File "F:\myhouse\MyHouse\nnProject\TestFramework\test_case\test_events.py", line 65, in test_OSK
    case_path = search(g_case_path, self.testMethodDoc)
NameError: name 'g_case_path' is not defined
Traceback (most recent call last):
  File "F:\myhouse\MyHouse\nnProject\TestFramework\test_case\test_events.py", line 65, in test_OSK
    case_path = search(g_case_path, self.testMethodDoc)
NameError: name 'g_case_path' is not defined


        </pre>
    </div>
    <!--css div popup end-->

    </td>
</tr>

<tr id='ft1.97' class='none'>
    <td class='errorCase'><div class='testcase'>test_OSK: more_lane1.tc</div></td>
    <td colspan='5' align='center'>

    <!--css div popup start-->
    <a class="popup_link" onfocus='this.blur();' href="javascript:showTestDetail('div_ft1.97')" >
        error</a>

    <div id='div_ft1.97' class="popup_window">
        <div style='text-align: right; color:red;cursor:pointer'>
        <a onfocus='this.blur();' onclick="document.getElementById('div_ft1.97').style.display = 'none' " >
           [x]</a>
        </div>
        <pre>
        
ft1.97: Traceback (most recent call last):
  File "F:\myhouse\MyHouse\nnProject\TestFramework\test_case\test_events.py", line 65, in test_OSK
    case_path = search(g_case_path, self.testMethodDoc)
NameError: name 'g_case_path' is not defined
Traceback (most recent call last):
  File "F:\myhouse\MyHouse\nnProject\TestFramework\test_case\test_events.py", line 65, in test_OSK
    case_path = search(g_case_path, self.testMethodDoc)
NameError: name 'g_case_path' is not defined


        </pre>
    </div>
    <!--css div popup end-->

    </td>
</tr>

<tr id='ft1.98' class='none'>
    <td class='errorCase'><div class='testcase'>test_OSK: more_store.tc</div></td>
    <td colspan='5' align='center'>

    <!--css div popup start-->
    <a class="popup_link" onfocus='this.blur();' href="javascript:showTestDetail('div_ft1.98')" >
        error</a>

    <div id='div_ft1.98' class="popup_window">
        <div style='text-align: right; color:red;cursor:pointer'>
        <a onfocus='this.blur();' onclick="document.getElementById('div_ft1.98').style.display = 'none' " >
           [x]</a>
        </div>
        <pre>
        
ft1.98: Traceback (most recent call last):
  File "F:\myhouse\MyHouse\nnProject\TestFramework\test_case\test_events.py", line 65, in test_OSK
    case_path = search(g_case_path, self.testMethodDoc)
NameError: name 'g_case_path' is not defined
Traceback (most recent call last):
  File "F:\myhouse\MyHouse\nnProject\TestFramework\test_case\test_events.py", line 65, in test_OSK
    case_path = search(g_case_path, self.testMethodDoc)
NameError: name 'g_case_path' is not defined


        </pre>
    </div>
    <!--css div popup end-->

    </td>
</tr>

<tr id='ft1.99' class='none'>
    <td class='errorCase'><div class='testcase'>test_OSK: more_token.tc</div></td>
    <td colspan='5' align='center'>

    <!--css div popup start-->
    <a class="popup_link" onfocus='this.blur();' href="javascript:showTestDetail('div_ft1.99')" >
        error</a>

    <div id='div_ft1.99' class="popup_window">
        <div style='text-align: right; color:red;cursor:pointer'>
        <a onfocus='this.blur();' onclick="document.getElementById('div_ft1.99').style.display = 'none' " >
           [x]</a>
        </div>
        <pre>
        
ft1.99: Traceback (most recent call last):
  File "F:\myhouse\MyHouse\nnProject\TestFramework\test_case\test_events.py", line 65, in test_OSK
    case_path = search(g_case_path, self.testMethodDoc)
NameError: name 'g_case_path' is not defined
Traceback (most recent call last):
  File "F:\myhouse\MyHouse\nnProject\TestFramework\test_case\test_events.py", line 65, in test_OSK
    case_path = search(g_case_path, self.testMethodDoc)
NameError: name 'g_case_path' is not defined


        </pre>
    </div>
    <!--css div popup end-->

    </td>
</tr>

<tr id='ft1.100' class='none'>
    <td class='errorCase'><div class='testcase'>test_OSK: more_token1.tc</div></td>
    <td colspan='5' align='center'>

    <!--css div popup start-->
    <a class="popup_link" onfocus='this.blur();' href="javascript:showTestDetail('div_ft1.100')" >
        error</a>

    <div id='div_ft1.100' class="popup_window">
        <div style='text-align: right; color:red;cursor:pointer'>
        <a onfocus='this.blur();' onclick="document.getElementById('div_ft1.100').style.display = 'none' " >
           [x]</a>
        </div>
        <pre>
        
ft1.100: Traceback (most recent call last):
  File "F:\myhouse\MyHouse\nnProject\TestFramework\test_case\test_events.py", line 65, in test_OSK
    case_path = search(g_case_path, self.testMethodDoc)
NameError: name 'g_case_path' is not defined
Traceback (most recent call last):
  File "F:\myhouse\MyHouse\nnProject\TestFramework\test_case\test_events.py", line 65, in test_OSK
    case_path = search(g_case_path, self.testMethodDoc)
NameError: name 'g_case_path' is not defined


        </pre>
    </div>
    <!--css div popup end-->

    </td>
</tr>

<tr id='ft1.101' class='none'>
    <td class='errorCase'><div class='testcase'>test_OSK: more_token2.tc</div></td>
    <td colspan='5' align='center'>

    <!--css div popup start-->
    <a class="popup_link" onfocus='this.blur();' href="javascript:showTestDetail('div_ft1.101')" >
        error</a>

    <div id='div_ft1.101' class="popup_window">
        <div style='text-align: right; color:red;cursor:pointer'>
        <a onfocus='this.blur();' onclick="document.getElementById('div_ft1.101').style.display = 'none' " >
           [x]</a>
        </div>
        <pre>
        
ft1.101: Traceback (most recent call last):
  File "F:\myhouse\MyHouse\nnProject\TestFramework\test_case\test_events.py", line 65, in test_OSK
    case_path = search(g_case_path, self.testMethodDoc)
NameError: name 'g_case_path' is not defined
Traceback (most recent call last):
  File "F:\myhouse\MyHouse\nnProject\TestFramework\test_case\test_events.py", line 65, in test_OSK
    case_path = search(g_case_path, self.testMethodDoc)
NameError: name 'g_case_path' is not defined


        </pre>
    </div>
    <!--css div popup end-->

    </td>
</tr>

<tr id='ft1.102' class='none'>
    <td class='errorCase'><div class='testcase'>test_OSK: more_token3.tc</div></td>
    <td colspan='5' align='center'>

    <!--css div popup start-->
    <a class="popup_link" onfocus='this.blur();' href="javascript:showTestDetail('div_ft1.102')" >
        error</a>

    <div id='div_ft1.102' class="popup_window">
        <div style='text-align: right; color:red;cursor:pointer'>
        <a onfocus='this.blur();' onclick="document.getElementById('div_ft1.102').style.display = 'none' " >
           [x]</a>
        </div>
        <pre>
        
ft1.102: Traceback (most recent call last):
  File "F:\myhouse\MyHouse\nnProject\TestFramework\test_case\test_events.py", line 65, in test_OSK
    case_path = search(g_case_path, self.testMethodDoc)
NameError: name 'g_case_path' is not defined
Traceback (most recent call last):
  File "F:\myhouse\MyHouse\nnProject\TestFramework\test_case\test_events.py", line 65, in test_OSK
    case_path = search(g_case_path, self.testMethodDoc)
NameError: name 'g_case_path' is not defined


        </pre>
    </div>
    <!--css div popup end-->

    </td>
</tr>

<tr id='ft1.103' class='none'>
    <td class='errorCase'><div class='testcase'>test_OSK: more_token4.tc</div></td>
    <td colspan='5' align='center'>

    <!--css div popup start-->
    <a class="popup_link" onfocus='this.blur();' href="javascript:showTestDetail('div_ft1.103')" >
        error</a>

    <div id='div_ft1.103' class="popup_window">
        <div style='text-align: right; color:red;cursor:pointer'>
        <a onfocus='this.blur();' onclick="document.getElementById('div_ft1.103').style.display = 'none' " >
           [x]</a>
        </div>
        <pre>
        
ft1.103: Traceback (most recent call last):
  File "F:\myhouse\MyHouse\nnProject\TestFramework\test_case\test_events.py", line 65, in test_OSK
    case_path = search(g_case_path, self.testMethodDoc)
NameError: name 'g_case_path' is not defined
Traceback (most recent call last):
  File "F:\myhouse\MyHouse\nnProject\TestFramework\test_case\test_events.py", line 65, in test_OSK
    case_path = search(g_case_path, self.testMethodDoc)
NameError: name 'g_case_path' is not defined


        </pre>
    </div>
    <!--css div popup end-->

    </td>
</tr>

<tr id='ft1.104' class='none'>
    <td class='errorCase'><div class='testcase'>test_OSK: more_token5_getone.tc</div></td>
    <td colspan='5' align='center'>

    <!--css div popup start-->
    <a class="popup_link" onfocus='this.blur();' href="javascript:showTestDetail('div_ft1.104')" >
        error</a>

    <div id='div_ft1.104' class="popup_window">
        <div style='text-align: right; color:red;cursor:pointer'>
        <a onfocus='this.blur();' onclick="document.getElementById('div_ft1.104').style.display = 'none' " >
           [x]</a>
        </div>
        <pre>
        
ft1.104: Traceback (most recent call last):
  File "F:\myhouse\MyHouse\nnProject\TestFramework\test_case\test_events.py", line 65, in test_OSK
    case_path = search(g_case_path, self.testMethodDoc)
NameError: name 'g_case_path' is not defined
Traceback (most recent call last):
  File "F:\myhouse\MyHouse\nnProject\TestFramework\test_case\test_events.py", line 65, in test_OSK
    case_path = search(g_case_path, self.testMethodDoc)
NameError: name 'g_case_path' is not defined


        </pre>
    </div>
    <!--css div popup end-->

    </td>
</tr>

<tr id='ft1.105' class='none'>
    <td class='errorCase'><div class='testcase'>test_OSK: more_token6_hp.tc</div></td>
    <td colspan='5' align='center'>

    <!--css div popup start-->
    <a class="popup_link" onfocus='this.blur();' href="javascript:showTestDetail('div_ft1.105')" >
        error</a>

    <div id='div_ft1.105' class="popup_window">
        <div style='text-align: right; color:red;cursor:pointer'>
        <a onfocus='this.blur();' onclick="document.getElementById('div_ft1.105').style.display = 'none' " >
           [x]</a>
        </div>
        <pre>
        
ft1.105: Traceback (most recent call last):
  File "F:\myhouse\MyHouse\nnProject\TestFramework\test_case\test_events.py", line 65, in test_OSK
    case_path = search(g_case_path, self.testMethodDoc)
NameError: name 'g_case_path' is not defined
Traceback (most recent call last):
  File "F:\myhouse\MyHouse\nnProject\TestFramework\test_case\test_events.py", line 65, in test_OSK
    case_path = search(g_case_path, self.testMethodDoc)
NameError: name 'g_case_path' is not defined


        </pre>
    </div>
    <!--css div popup end-->

    </td>
</tr>

<tr id='ft1.106' class='none'>
    <td class='errorCase'><div class='testcase'>test_OSK: only_plate.tc</div></td>
    <td colspan='5' align='center'>

    <!--css div popup start-->
    <a class="popup_link" onfocus='this.blur();' href="javascript:showTestDetail('div_ft1.106')" >
        error</a>

    <div id='div_ft1.106' class="popup_window">
        <div style='text-align: right; color:red;cursor:pointer'>
        <a onfocus='this.blur();' onclick="document.getElementById('div_ft1.106').style.display = 'none' " >
           [x]</a>
        </div>
        <pre>
        
ft1.106: Traceback (most recent call last):
  File "F:\myhouse\MyHouse\nnProject\TestFramework\test_case\test_events.py", line 65, in test_OSK
    case_path = search(g_case_path, self.testMethodDoc)
NameError: name 'g_case_path' is not defined
Traceback (most recent call last):
  File "F:\myhouse\MyHouse\nnProject\TestFramework\test_case\test_events.py", line 65, in test_OSK
    case_path = search(g_case_path, self.testMethodDoc)
NameError: name 'g_case_path' is not defined


        </pre>
    </div>
    <!--css div popup end-->

    </td>
</tr>

<tr id='ft1.107' class='none'>
    <td class='errorCase'><div class='testcase'>test_OSK: only_plate1.tc</div></td>
    <td colspan='5' align='center'>

    <!--css div popup start-->
    <a class="popup_link" onfocus='this.blur();' href="javascript:showTestDetail('div_ft1.107')" >
        error</a>

    <div id='div_ft1.107' class="popup_window">
        <div style='text-align: right; color:red;cursor:pointer'>
        <a onfocus='this.blur();' onclick="document.getElementById('div_ft1.107').style.display = 'none' " >
           [x]</a>
        </div>
        <pre>
        
ft1.107: Traceback (most recent call last):
  File "F:\myhouse\MyHouse\nnProject\TestFramework\test_case\test_events.py", line 65, in test_OSK
    case_path = search(g_case_path, self.testMethodDoc)
NameError: name 'g_case_path' is not defined
Traceback (most recent call last):
  File "F:\myhouse\MyHouse\nnProject\TestFramework\test_case\test_events.py", line 65, in test_OSK
    case_path = search(g_case_path, self.testMethodDoc)
NameError: name 'g_case_path' is not defined


        </pre>
    </div>
    <!--css div popup end-->

    </td>
</tr>

<tr id='ft1.108' class='none'>
    <td class='errorCase'><div class='testcase'>test_OSK: only_plate2.tc</div></td>
    <td colspan='5' align='center'>

    <!--css div popup start-->
    <a class="popup_link" onfocus='this.blur();' href="javascript:showTestDetail('div_ft1.108')" >
        error</a>

    <div id='div_ft1.108' class="popup_window">
        <div style='text-align: right; color:red;cursor:pointer'>
        <a onfocus='this.blur();' onclick="document.getElementById('div_ft1.108').style.display = 'none' " >
           [x]</a>
        </div>
        <pre>
        
ft1.108: Traceback (most recent call last):
  File "F:\myhouse\MyHouse\nnProject\TestFramework\test_case\test_events.py", line 65, in test_OSK
    case_path = search(g_case_path, self.testMethodDoc)
NameError: name 'g_case_path' is not defined
Traceback (most recent call last):
  File "F:\myhouse\MyHouse\nnProject\TestFramework\test_case\test_events.py", line 65, in test_OSK
    case_path = search(g_case_path, self.testMethodDoc)
NameError: name 'g_case_path' is not defined


        </pre>
    </div>
    <!--css div popup end-->

    </td>
</tr>

<tr id='ft1.109' class='none'>
    <td class='errorCase'><div class='testcase'>test_OSK: only_plate_port_car.tc</div></td>
    <td colspan='5' align='center'>

    <!--css div popup start-->
    <a class="popup_link" onfocus='this.blur();' href="javascript:showTestDetail('div_ft1.109')" >
        error</a>

    <div id='div_ft1.109' class="popup_window">
        <div style='text-align: right; color:red;cursor:pointer'>
        <a onfocus='this.blur();' onclick="document.getElementById('div_ft1.109').style.display = 'none' " >
           [x]</a>
        </div>
        <pre>
        
ft1.109: Traceback (most recent call last):
  File "F:\myhouse\MyHouse\nnProject\TestFramework\test_case\test_events.py", line 65, in test_OSK
    case_path = search(g_case_path, self.testMethodDoc)
NameError: name 'g_case_path' is not defined
Traceback (most recent call last):
  File "F:\myhouse\MyHouse\nnProject\TestFramework\test_case\test_events.py", line 65, in test_OSK
    case_path = search(g_case_path, self.testMethodDoc)
NameError: name 'g_case_path' is not defined


        </pre>
    </div>
    <!--css div popup end-->

    </td>
</tr>

<tr id='ft1.110' class='none'>
    <td class='errorCase'><div class='testcase'>test_OSK: plate_image.tc</div></td>
    <td colspan='5' align='center'>

    <!--css div popup start-->
    <a class="popup_link" onfocus='this.blur();' href="javascript:showTestDetail('div_ft1.110')" >
        error</a>

    <div id='div_ft1.110' class="popup_window">
        <div style='text-align: right; color:red;cursor:pointer'>
        <a onfocus='this.blur();' onclick="document.getElementById('div_ft1.110').style.display = 'none' " >
           [x]</a>
        </div>
        <pre>
        
ft1.110: Traceback (most recent call last):
  File "F:\myhouse\MyHouse\nnProject\TestFramework\test_case\test_events.py", line 65, in test_OSK
    case_path = search(g_case_path, self.testMethodDoc)
NameError: name 'g_case_path' is not defined
Traceback (most recent call last):
  File "F:\myhouse\MyHouse\nnProject\TestFramework\test_case\test_events.py", line 65, in test_OSK
    case_path = search(g_case_path, self.testMethodDoc)
NameError: name 'g_case_path' is not defined


        </pre>
    </div>
    <!--css div popup end-->

    </td>
</tr>

<tr id='ft1.111' class='none'>
    <td class='errorCase'><div class='testcase'>test_OSK: false.tc</div></td>
    <td colspan='5' align='center'>

    <!--css div popup start-->
    <a class="popup_link" onfocus='this.blur();' href="javascript:showTestDetail('div_ft1.111')" >
        error</a>

    <div id='div_ft1.111' class="popup_window">
        <div style='text-align: right; color:red;cursor:pointer'>
        <a onfocus='this.blur();' onclick="document.getElementById('div_ft1.111').style.display = 'none' " >
           [x]</a>
        </div>
        <pre>
        
ft1.111: Traceback (most recent call last):
  File "F:\myhouse\MyHouse\nnProject\TestFramework\test_case\test_events.py", line 65, in test_OSK
    case_path = search(g_case_path, self.testMethodDoc)
NameError: name 'g_case_path' is not defined
Traceback (most recent call last):
  File "F:\myhouse\MyHouse\nnProject\TestFramework\test_case\test_events.py", line 65, in test_OSK
    case_path = search(g_case_path, self.testMethodDoc)
NameError: name 'g_case_path' is not defined


        </pre>
    </div>
    <!--css div popup end-->

    </td>
</tr>

<tr id='ft1.112' class='none'>
    <td class='errorCase'><div class='testcase'>test_OSK: true.tc</div></td>
    <td colspan='5' align='center'>

    <!--css div popup start-->
    <a class="popup_link" onfocus='this.blur();' href="javascript:showTestDetail('div_ft1.112')" >
        error</a>

    <div id='div_ft1.112' class="popup_window">
        <div style='text-align: right; color:red;cursor:pointer'>
        <a onfocus='this.blur();' onclick="document.getElementById('div_ft1.112').style.display = 'none' " >
           [x]</a>
        </div>
        <pre>
        
ft1.112: Traceback (most recent call last):
  File "F:\myhouse\MyHouse\nnProject\TestFramework\test_case\test_events.py", line 65, in test_OSK
    case_path = search(g_case_path, self.testMethodDoc)
NameError: name 'g_case_path' is not defined
Traceback (most recent call last):
  File "F:\myhouse\MyHouse\nnProject\TestFramework\test_case\test_events.py", line 65, in test_OSK
    case_path = search(g_case_path, self.testMethodDoc)
NameError: name 'g_case_path' is not defined


        </pre>
    </div>
    <!--css div popup end-->

    </td>
</tr>

<tr id='ft1.113' class='none'>
    <td class='errorCase'><div class='testcase'>test_OSK: true_false.tc</div></td>
    <td colspan='5' align='center'>

    <!--css div popup start-->
    <a class="popup_link" onfocus='this.blur();' href="javascript:showTestDetail('div_ft1.113')" >
        error</a>

    <div id='div_ft1.113' class="popup_window">
        <div style='text-align: right; color:red;cursor:pointer'>
        <a onfocus='this.blur();' onclick="document.getElementById('div_ft1.113').style.display = 'none' " >
           [x]</a>
        </div>
        <pre>
        
ft1.113: Traceback (most recent call last):
  File "F:\myhouse\MyHouse\nnProject\TestFramework\test_case\test_events.py", line 65, in test_OSK
    case_path = search(g_case_path, self.testMethodDoc)
NameError: name 'g_case_path' is not defined
Traceback (most recent call last):
  File "F:\myhouse\MyHouse\nnProject\TestFramework\test_case\test_events.py", line 65, in test_OSK
    case_path = search(g_case_path, self.testMethodDoc)
NameError: name 'g_case_path' is not defined


        </pre>
    </div>
    <!--css div popup end-->

    </td>
</tr>

<tr id='ft1.114' class='none'>
    <td class='errorCase'><div class='testcase'>test_OSK: true_false1.tc</div></td>
    <td colspan='5' align='center'>

    <!--css div popup start-->
    <a class="popup_link" onfocus='this.blur();' href="javascript:showTestDetail('div_ft1.114')" >
        error</a>

    <div id='div_ft1.114' class="popup_window">
        <div style='text-align: right; color:red;cursor:pointer'>
        <a onfocus='this.blur();' onclick="document.getElementById('div_ft1.114').style.display = 'none' " >
           [x]</a>
        </div>
        <pre>
        
ft1.114: Traceback (most recent call last):
  File "F:\myhouse\MyHouse\nnProject\TestFramework\test_case\test_events.py", line 65, in test_OSK
    case_path = search(g_case_path, self.testMethodDoc)
NameError: name 'g_case_path' is not defined
Traceback (most recent call last):
  File "F:\myhouse\MyHouse\nnProject\TestFramework\test_case\test_events.py", line 65, in test_OSK
    case_path = search(g_case_path, self.testMethodDoc)
NameError: name 'g_case_path' is not defined


        </pre>
    </div>
    <!--css div popup end-->

    </td>
</tr>

<tr id='ft1.115' class='none'>
    <td class='errorCase'><div class='testcase'>test_OSK: true_false2.tc</div></td>
    <td colspan='5' align='center'>

    <!--css div popup start-->
    <a class="popup_link" onfocus='this.blur();' href="javascript:showTestDetail('div_ft1.115')" >
        error</a>

    <div id='div_ft1.115' class="popup_window">
        <div style='text-align: right; color:red;cursor:pointer'>
        <a onfocus='this.blur();' onclick="document.getElementById('div_ft1.115').style.display = 'none' " >
           [x]</a>
        </div>
        <pre>
        
ft1.115: Traceback (most recent call last):
  File "F:\myhouse\MyHouse\nnProject\TestFramework\test_case\test_events.py", line 65, in test_OSK
    case_path = search(g_case_path, self.testMethodDoc)
NameError: name 'g_case_path' is not defined
Traceback (most recent call last):
  File "F:\myhouse\MyHouse\nnProject\TestFramework\test_case\test_events.py", line 65, in test_OSK
    case_path = search(g_case_path, self.testMethodDoc)
NameError: name 'g_case_path' is not defined


        </pre>
    </div>
    <!--css div popup end-->

    </td>
</tr>

<tr id='total_row'>
    <td>Total</td>
    <td>115</td>
    <td>0</td>
    <td>0</td>
    <td>115</td>
    <td>&nbsp;</td>
</tr>
</table>

<div id='ending'>&nbsp;</div>

</body>
</html>
